<?xml version="1.0" encoding="UTF-8" standalone="yes"?><!DOCTYPE report PUBLIC "-//JACOCO//DTD Report 1.1//EN" "report.dtd"><report name="jcunit"><sessioninfo id="calligraphos.local-7044e1ce" start="1654458399653" dump="1654458482560"/><package name="com/github/dakusui/jcunitx/exceptions"><class name="com/github/dakusui/jcunitx/exceptions/BaseException" sourcefilename="BaseException.java"><method name="&lt;init&gt;" desc="(Ljava/lang/String;)V" line="5"><counter type="INSTRUCTION" missed="0" covered="4"/><counter type="LINE" missed="0" covered="2"/><counter type="COMPLEXITY" missed="0" covered="1"/><counter type="METHOD" missed="0" covered="1"/></method><method name="&lt;init&gt;" desc="(Ljava/lang/String;Ljava/lang/Throwable;)V" line="9"><counter type="INSTRUCTION" missed="5" covered="0"/><counter type="LINE" missed="2" covered="0"/><counter type="COMPLEXITY" missed="1" covered="0"/><counter type="METHOD" missed="1" covered="0"/></method><counter type="INSTRUCTION" missed="5" covered="4"/><counter type="LINE" missed="2" covered="2"/><counter type="COMPLEXITY" missed="1" covered="1"/><counter type="METHOD" missed="1" covered="1"/><counter type="CLASS" missed="0" covered="1"/></class><class name="com/github/dakusui/jcunitx/exceptions/JCUnitException" sourcefilename="JCUnitException.java"><method name="&lt;init&gt;" desc="(Ljava/lang/String;Ljava/lang/Throwable;)V" line="17"><counter type="INSTRUCTION" missed="0" covered="5"/><counter type="LINE" missed="0" covered="2"/><counter type="COMPLEXITY" missed="0" covered="1"/><counter type="METHOD" missed="0" covered="1"/></method><counter type="INSTRUCTION" missed="0" covered="5"/><counter type="LINE" missed="0" covered="2"/><counter type="COMPLEXITY" missed="0" covered="1"/><counter type="METHOD" missed="0" covered="1"/><counter type="CLASS" missed="0" covered="1"/></class><class name="com/github/dakusui/jcunitx/exceptions/FrameworkException" sourcefilename="FrameworkException.java"><method name="&lt;init&gt;" desc="(Ljava/lang/String;)V" line="19"><counter type="INSTRUCTION" missed="4" covered="0"/><counter type="LINE" missed="2" covered="0"/><counter type="COMPLEXITY" missed="1" covered="0"/><counter type="METHOD" missed="1" covered="0"/></method><method name="&lt;init&gt;" desc="(Ljava/lang/String;Ljava/lang/Throwable;)V" line="23"><counter type="INSTRUCTION" missed="5" covered="0"/><counter type="LINE" missed="2" covered="0"/><counter type="COMPLEXITY" missed="1" covered="0"/><counter type="METHOD" missed="1" covered="0"/></method><method name="checkCondition" desc="(ZLjava/util/function/Function;Ljava/util/function/Supplier;)V" line="28"><counter type="INSTRUCTION" missed="6" covered="3"/><counter type="BRANCH" missed="1" covered="1"/><counter type="LINE" missed="1" covered="2"/><counter type="COMPLEXITY" missed="1" covered="1"/><counter type="METHOD" missed="0" covered="1"/></method><method name="check" desc="(Ljava/lang/Object;Ljava/util/function/Predicate;)Ljava/lang/Object;" line="33"><counter type="INSTRUCTION" missed="5" covered="6"/><counter type="BRANCH" missed="1" covered="1"/><counter type="LINE" missed="1" covered="2"/><counter type="COMPLEXITY" missed="1" covered="1"/><counter type="METHOD" missed="0" covered="1"/></method><method name="check" desc="(Ljava/lang/Object;Ljava/util/function/Predicate;Ljava/util/function/Supplier;)Ljava/lang/Object;" line="39"><counter type="INSTRUCTION" missed="13" covered="0"/><counter type="BRANCH" missed="2" covered="0"/><counter type="LINE" missed="3" covered="0"/><counter type="COMPLEXITY" missed="2" covered="0"/><counter type="METHOD" missed="1" covered="0"/></method><method name="checkCondition" desc="(ZLjava/util/function/Function;)V" line="45"><counter type="INSTRUCTION" missed="0" covered="5"/><counter type="LINE" missed="0" covered="2"/><counter type="COMPLEXITY" missed="0" covered="1"/><counter type="METHOD" missed="0" covered="1"/></method><method name="checkCondition" desc="(Z)V" line="49"><counter type="INSTRUCTION" missed="0" covered="4"/><counter type="LINE" missed="0" covered="2"/><counter type="COMPLEXITY" missed="0" covered="1"/><counter type="METHOD" missed="0" covered="1"/></method><method name="unexpectedByDesign" desc="()Lcom/github/dakusui/jcunitx/exceptions/FrameworkException;" line="53"><counter type="INSTRUCTION" missed="5" covered="0"/><counter type="LINE" missed="1" covered="0"/><counter type="COMPLEXITY" missed="1" covered="0"/><counter type="METHOD" missed="1" covered="0"/></method><method name="unexpectedByDesign" desc="(Ljava/lang/Throwable;)Lcom/github/dakusui/jcunitx/exceptions/FrameworkException;" line="57"><counter type="INSTRUCTION" missed="17" covered="9"/><counter type="BRANCH" missed="2" covered="2"/><counter type="LINE" missed="2" covered="3"/><counter type="COMPLEXITY" missed="2" covered="1"/><counter type="METHOD" missed="0" covered="1"/></method><method name="unexpectedByDesign" desc="(Ljava/lang/String;)Lcom/github/dakusui/jcunitx/exceptions/FrameworkException;" line="65"><counter type="INSTRUCTION" missed="12" covered="0"/><counter type="LINE" missed="1" covered="0"/><counter type="COMPLEXITY" missed="1" covered="0"/><counter type="METHOD" missed="1" covered="0"/></method><method name="lambda$checkCondition$0" desc="()Ljava/lang/String;" line="45"><counter type="INSTRUCTION" missed="2" covered="0"/><counter type="LINE" missed="1" covered="0"/><counter type="COMPLEXITY" missed="1" covered="0"/><counter type="METHOD" missed="1" covered="0"/></method><counter type="INSTRUCTION" missed="69" covered="27"/><counter type="BRANCH" missed="6" covered="4"/><counter type="LINE" missed="13" covered="11"/><counter type="COMPLEXITY" missed="11" covered="5"/><counter type="METHOD" missed="6" covered="5"/><counter type="CLASS" missed="0" covered="1"/></class><class name="com/github/dakusui/jcunitx/exceptions/TestDefinitionException" sourcefilename="TestDefinitionException.java"><method name="&lt;init&gt;" desc="(Ljava/lang/String;)V" line="24"><counter type="INSTRUCTION" missed="0" covered="4"/><counter type="LINE" missed="0" covered="2"/><counter type="COMPLEXITY" missed="0" covered="1"/><counter type="METHOD" missed="0" covered="1"/></method><method name="&lt;init&gt;" desc="(Ljava/lang/String;Ljava/lang/Throwable;)V" line="34"><counter type="INSTRUCTION" missed="5" covered="0"/><counter type="LINE" missed="2" covered="0"/><counter type="COMPLEXITY" missed="1" covered="0"/><counter type="METHOD" missed="1" covered="0"/></method><method name="wrap" desc="(Ljava/lang/Throwable;)Lcom/github/dakusui/jcunitx/exceptions/TestDefinitionException;" line="38"><counter type="INSTRUCTION" missed="14" covered="0"/><counter type="LINE" missed="1" covered="0"/><counter type="COMPLEXITY" missed="1" covered="0"/><counter type="METHOD" missed="1" covered="0"/></method><method name="impossibleConstraint" desc="(Ljava/util/List;)Lcom/github/dakusui/jcunitx/exceptions/TestDefinitionException;" line="42"><counter type="INSTRUCTION" missed="12" covered="0"/><counter type="LINE" missed="1" covered="0"/><counter type="COMPLEXITY" missed="1" covered="0"/><counter type="METHOD" missed="1" covered="0"/></method><method name="failedToCover" desc="(Ljava/lang/String;Ljava/util/List;Lcom/github/dakusui/jcunitx/core/AArray;)Lcom/github/dakusui/jcunitx/exceptions/TestDefinitionException;" line="46"><counter type="INSTRUCTION" missed="20" covered="0"/><counter type="LINE" missed="1" covered="0"/><counter type="COMPLEXITY" missed="1" covered="0"/><counter type="METHOD" missed="1" covered="0"/></method><method name="parameterWithoutAnnotation" desc="(Ljava/lang/String;)Lcom/github/dakusui/jcunitx/exceptions/TestDefinitionException;" line="50"><counter type="INSTRUCTION" missed="0" covered="12"/><counter type="LINE" missed="0" covered="1"/><counter type="COMPLEXITY" missed="0" covered="1"/><counter type="METHOD" missed="0" covered="1"/></method><method name="noParameterFound" desc="()Lcom/github/dakusui/jcunitx/exceptions/TestDefinitionException;" line="54"><counter type="INSTRUCTION" missed="0" covered="5"/><counter type="LINE" missed="0" covered="1"/><counter type="COMPLEXITY" missed="0" covered="1"/><counter type="METHOD" missed="0" covered="1"/></method><counter type="INSTRUCTION" missed="51" covered="21"/><counter type="LINE" missed="5" covered="4"/><counter type="COMPLEXITY" missed="4" covered="3"/><counter type="METHOD" missed="4" covered="3"/><counter type="CLASS" missed="0" covered="1"/></class><class name="com/github/dakusui/jcunitx/exceptions/InvalidTestException" sourcefilename="InvalidTestException.java"><method name="&lt;init&gt;" desc="(Ljava/lang/String;Ljava/lang/Throwable;)V" line="9"><counter type="INSTRUCTION" missed="0" covered="5"/><counter type="LINE" missed="0" covered="2"/><counter type="COMPLEXITY" missed="0" covered="1"/><counter type="METHOD" missed="0" covered="1"/></method><method name="&lt;init&gt;" desc="(Ljava/lang/String;)V" line="13"><counter type="INSTRUCTION" missed="0" covered="5"/><counter type="LINE" missed="0" covered="2"/><counter type="COMPLEXITY" missed="0" covered="1"/><counter type="METHOD" missed="0" covered="1"/></method><counter type="INSTRUCTION" missed="0" covered="10"/><counter type="LINE" missed="0" covered="4"/><counter type="COMPLEXITY" missed="0" covered="2"/><counter type="METHOD" missed="0" covered="2"/><counter type="CLASS" missed="0" covered="1"/></class><sourcefile name="FrameworkException.java"><line nr="19" mi="3" ci="0" mb="0" cb="0"/><line nr="20" mi="1" ci="0" mb="0" cb="0"/><line nr="23" mi="4" ci="0" mb="0" cb="0"/><line nr="24" mi="1" ci="0" mb="0" cb="0"/><line nr="28" mi="0" ci="2" mb="1" cb="1"/><line nr="29" mi="6" ci="0" mb="0" cb="0"/><line nr="30" mi="0" ci="1" mb="0" cb="0"/><line nr="33" mi="0" ci="4" mb="1" cb="1"/><line nr="34" mi="0" ci="2" mb="0" cb="0"/><line nr="35" mi="5" ci="0" mb="0" cb="0"/><line nr="39" mi="4" ci="0" mb="2" cb="0"/><line nr="40" mi="2" ci="0" mb="0" cb="0"/><line nr="41" mi="7" ci="0" mb="0" cb="0"/><line nr="45" mi="2" ci="4" mb="0" cb="0"/><line nr="46" mi="0" ci="1" mb="0" cb="0"/><line nr="49" mi="0" ci="3" mb="0" cb="0"/><line nr="50" mi="0" ci="1" mb="0" cb="0"/><line nr="53" mi="5" ci="0" mb="0" cb="0"/><line nr="57" mi="0" ci="3" mb="1" cb="1"/><line nr="58" mi="3" ci="0" mb="0" cb="0"/><line nr="59" mi="0" ci="3" mb="1" cb="1"/><line nr="60" mi="0" ci="3" mb="0" cb="0"/><line nr="61" mi="14" ci="0" mb="0" cb="0"/><line nr="65" mi="12" ci="0" mb="0" cb="0"/><counter type="INSTRUCTION" missed="69" covered="27"/><counter type="BRANCH" missed="6" covered="4"/><counter type="LINE" missed="13" covered="11"/><counter type="COMPLEXITY" missed="11" covered="5"/><counter type="METHOD" missed="6" covered="5"/><counter type="CLASS" missed="0" covered="1"/></sourcefile><sourcefile name="TestDefinitionException.java"><line nr="24" mi="0" ci="3" mb="0" cb="0"/><line nr="25" mi="0" ci="1" mb="0" cb="0"/><line nr="34" mi="4" ci="0" mb="0" cb="0"/><line nr="35" mi="1" ci="0" mb="0" cb="0"/><line nr="38" mi="14" ci="0" mb="0" cb="0"/><line nr="42" mi="12" ci="0" mb="0" cb="0"/><line nr="46" mi="20" ci="0" mb="0" cb="0"/><line nr="50" mi="0" ci="12" mb="0" cb="0"/><line nr="54" mi="0" ci="5" mb="0" cb="0"/><counter type="INSTRUCTION" missed="51" covered="21"/><counter type="LINE" missed="5" covered="4"/><counter type="COMPLEXITY" missed="4" covered="3"/><counter type="METHOD" missed="4" covered="3"/><counter type="CLASS" missed="0" covered="1"/></sourcefile><sourcefile name="JCUnitException.java"><line nr="17" mi="0" ci="4" mb="0" cb="0"/><line nr="18" mi="0" ci="1" mb="0" cb="0"/><counter type="INSTRUCTION" missed="0" covered="5"/><counter type="LINE" missed="0" covered="2"/><counter type="COMPLEXITY" missed="0" covered="1"/><counter type="METHOD" missed="0" covered="1"/><counter type="CLASS" missed="0" covered="1"/></sourcefile><sourcefile name="BaseException.java"><line nr="5" mi="0" ci="3" mb="0" cb="0"/><line nr="6" mi="0" ci="1" mb="0" cb="0"/><line nr="9" mi="4" ci="0" mb="0" cb="0"/><line nr="10" mi="1" ci="0" mb="0" cb="0"/><counter type="INSTRUCTION" missed="5" covered="4"/><counter type="LINE" missed="2" covered="2"/><counter type="COMPLEXITY" missed="1" covered="1"/><counter type="METHOD" missed="1" covered="1"/><counter type="CLASS" missed="0" covered="1"/></sourcefile><sourcefile name="InvalidTestException.java"><line nr="9" mi="0" ci="4" mb="0" cb="0"/><line nr="10" mi="0" ci="1" mb="0" cb="0"/><line nr="13" mi="0" ci="4" mb="0" cb="0"/><line nr="14" mi="0" ci="1" mb="0" cb="0"/><counter type="INSTRUCTION" missed="0" covered="10"/><counter type="LINE" missed="0" covered="4"/><counter type="COMPLEXITY" missed="0" covered="2"/><counter type="METHOD" missed="0" covered="2"/><counter type="CLASS" missed="0" covered="1"/></sourcefile><counter type="INSTRUCTION" missed="125" covered="67"/><counter type="BRANCH" missed="6" covered="4"/><counter type="LINE" missed="20" covered="23"/><counter type="COMPLEXITY" missed="16" covered="12"/><counter type="METHOD" missed="11" covered="12"/><counter type="CLASS" missed="0" covered="5"/></package><package name="com/github/dakusui/jcunitx/pipeline/stages"><class name="com/github/dakusui/jcunitx/pipeline/stages/Joiner$Base$1" sourcefilename="Joiner.java"><method name="&lt;init&gt;" desc="(Lcom/github/dakusui/jcunitx/pipeline/stages/Joiner$Base;Lcom/github/dakusui/jcunitx/testsuite/SchemafulAArraySet;Lcom/github/dakusui/jcunitx/testsuite/SchemafulAArraySet;)V" line="44"><counter type="INSTRUCTION" missed="24" covered="0"/><counter type="LINE" missed="4" covered="0"/><counter type="COMPLEXITY" missed="1" covered="0"/><counter type="METHOD" missed="1" covered="0"/></method><counter type="INSTRUCTION" missed="24" covered="0"/><counter type="LINE" missed="4" covered="0"/><counter type="COMPLEXITY" missed="1" covered="0"/><counter type="METHOD" missed="1" covered="0"/><counter type="CLASS" missed="1" covered="0"/></class><class name="com/github/dakusui/jcunitx/pipeline/stages/Joiner$WeakenProduct2$1" sourcefilename="Joiner.java"><method name="&lt;init&gt;" desc="(Lcom/github/dakusui/jcunitx/pipeline/stages/Joiner$WeakenProduct2;Ljava/util/List;Ljava/util/List;)V" line="324"><counter type="INSTRUCTION" missed="0" covered="22"/><counter type="LINE" missed="0" covered="4"/><counter type="COMPLEXITY" missed="0" covered="1"/><counter type="METHOD" missed="0" covered="1"/></method><counter type="INSTRUCTION" missed="0" covered="22"/><counter type="LINE" missed="0" covered="4"/><counter type="COMPLEXITY" missed="0" covered="1"/><counter type="METHOD" missed="0" covered="1"/><counter type="CLASS" missed="0" covered="1"/></class><class name="com/github/dakusui/jcunitx/pipeline/stages/Generator$1" sourcefilename="Generator.java"><method name="&lt;init&gt;" desc="()V" line="16"><counter type="INSTRUCTION" missed="0" covered="3"/><counter type="LINE" missed="0" covered="1"/><counter type="COMPLEXITY" missed="0" covered="1"/><counter type="METHOD" missed="0" covered="1"/></method><method name="toString" desc="()Ljava/lang/String;" line="19"><counter type="INSTRUCTION" missed="2" covered="0"/><counter type="LINE" missed="1" covered="0"/><counter type="COMPLEXITY" missed="1" covered="0"/><counter type="METHOD" missed="1" covered="0"/></method><counter type="INSTRUCTION" missed="2" covered="3"/><counter type="LINE" missed="1" covered="1"/><counter type="COMPLEXITY" missed="1" covered="1"/><counter type="METHOD" missed="1" covered="1"/><counter type="CLASS" missed="0" covered="1"/></class><class name="com/github/dakusui/jcunitx/pipeline/stages/Generator$2" sourcefilename="Generator.java"><method name="&lt;init&gt;" desc="()V" line="22"><counter type="INSTRUCTION" missed="0" covered="3"/><counter type="LINE" missed="0" covered="1"/><counter type="COMPLEXITY" missed="0" covered="1"/><counter type="METHOD" missed="0" covered="1"/></method><method name="toString" desc="()Ljava/lang/String;" line="25"><counter type="INSTRUCTION" missed="0" covered="2"/><counter type="LINE" missed="0" covered="1"/><counter type="COMPLEXITY" missed="0" covered="1"/><counter type="METHOD" missed="0" covered="1"/></method><counter type="INSTRUCTION" missed="0" covered="5"/><counter type="LINE" missed="0" covered="2"/><counter type="COMPLEXITY" missed="0" covered="2"/><counter type="METHOD" missed="0" covered="2"/><counter type="CLASS" missed="0" covered="1"/></class><class name="com/github/dakusui/jcunitx/pipeline/stages/Partitioner$Standard$4" sourcefilename="Partitioner.java"><method name="&lt;init&gt;" desc="(ILcom/github/dakusui/jcunitx/factorspace/FactorSpace;Lcom/github/dakusui/jcunitx/factorspace/FactorSpace;)V" line="101"><counter type="INSTRUCTION" missed="0" covered="22"/><counter type="LINE" missed="0" covered="4"/><counter type="COMPLEXITY" missed="0" covered="1"/><counter type="METHOD" missed="0" covered="1"/></method><counter type="INSTRUCTION" missed="0" covered="22"/><counter type="LINE" missed="0" covered="4"/><counter type="COMPLEXITY" missed="0" covered="1"/><counter type="METHOD" missed="0" covered="1"/><counter type="CLASS" missed="0" covered="1"/></class><class name="com/github/dakusui/jcunitx/pipeline/stages/Partitioner$Standard$1" sourcefilename="Partitioner.java"><method name="&lt;init&gt;" desc="(Lcom/github/dakusui/jcunitx/pipeline/stages/Partitioner$Standard;Ljava/util/List;)V" line="37"><counter type="INSTRUCTION" missed="0" covered="26"/><counter type="LINE" missed="0" covered="4"/><counter type="COMPLEXITY" missed="0" covered="1"/><counter type="METHOD" missed="0" covered="1"/></method><counter type="INSTRUCTION" missed="0" covered="26"/><counter type="LINE" missed="0" covered="4"/><counter type="COMPLEXITY" missed="0" covered="1"/><counter type="METHOD" missed="0" covered="1"/><counter type="CLASS" missed="0" covered="1"/></class><class name="com/github/dakusui/jcunitx/pipeline/stages/Partitioner$Standard$2" sourcefilename="Partitioner.java"><method name="&lt;init&gt;" desc="(Ljava/util/List;)V" line="76"><counter type="INSTRUCTION" missed="0" covered="18"/><counter type="LINE" missed="0" covered="3"/><counter type="COMPLEXITY" missed="0" covered="1"/><counter type="METHOD" missed="0" covered="1"/></method><method name="lambda$new$0" desc="(Lcom/github/dakusui/jcunitx/factorspace/FactorSpace;)I" line="77"><counter type="INSTRUCTION" missed="0" covered="4"/><counter type="LINE" missed="0" covered="1"/><counter type="COMPLEXITY" missed="0" covered="1"/><counter type="METHOD" missed="0" covered="1"/></method><counter type="INSTRUCTION" missed="0" covered="22"/><counter type="LINE" missed="0" covered="3"/><counter type="COMPLEXITY" missed="0" covered="2"/><counter type="METHOD" missed="0" covered="2"/><counter type="CLASS" missed="0" covered="1"/></class><class name="com/github/dakusui/jcunitx/pipeline/stages/Partitioner$Standard$3" sourcefilename="Partitioner.java"><method name="&lt;init&gt;" desc="(ILcom/github/dakusui/jcunitx/factorspace/FactorSpace;Lcom/github/dakusui/jcunitx/factorspace/FactorSpace;)V" line="97"><counter type="INSTRUCTION" missed="0" covered="22"/><counter type="LINE" missed="0" covered="4"/><counter type="COMPLEXITY" missed="0" covered="1"/><counter type="METHOD" missed="0" covered="1"/></method><counter type="INSTRUCTION" missed="0" covered="22"/><counter type="LINE" missed="0" covered="4"/><counter type="COMPLEXITY" missed="0" covered="1"/><counter type="METHOD" missed="0" covered="1"/><counter type="CLASS" missed="0" covered="1"/></class><class name="com/github/dakusui/jcunitx/pipeline/stages/Partitioner$Standard" sourcefilename="Partitioner.java"><method name="&lt;init&gt;" desc="(Lcom/github/dakusui/jcunitx/pipeline/Requirement;)V" line="28"><counter type="INSTRUCTION" missed="0" covered="8"/><counter type="LINE" missed="0" covered="3"/><counter type="COMPLEXITY" missed="0" covered="1"/><counter type="METHOD" missed="0" covered="1"/></method><method name="apply" desc="(Lcom/github/dakusui/jcunitx/factorspace/FactorSpace;)Ljava/util/List;" line="34"><counter type="INSTRUCTION" missed="1" covered="94"/><counter type="BRANCH" missed="1" covered="5"/><counter type="LINE" missed="1" covered="18"/><counter type="COMPLEXITY" missed="1" covered="3"/><counter type="METHOD" missed="0" covered="1"/></method><method name="pack" desc="(ILjava/util/List;)Ljava/util/List;" line="74"><counter type="INSTRUCTION" missed="7" covered="59"/><counter type="BRANCH" missed="1" covered="7"/><counter type="LINE" missed="2" covered="13"/><counter type="COMPLEXITY" missed="1" covered="4"/><counter type="METHOD" missed="0" covered="1"/></method><method name="add" desc="(Lcom/github/dakusui/jcunitx/factorspace/FactorSpace;Lcom/github/dakusui/jcunitx/factorspace/FactorSpace;)Lcom/github/dakusui/jcunitx/factorspace/FactorSpace;" line="96"><counter type="INSTRUCTION" missed="0" covered="26"/><counter type="LINE" missed="0" covered="3"/><counter type="COMPLEXITY" missed="0" covered="1"/><counter type="METHOD" missed="0" covered="1"/></method><method name="findConnectedConstraints" desc="(Lcom/github/dakusui/jcunitx/factorspace/Constraint;Ljava/util/List;)Ljava/util/List;" line="109"><counter type="INSTRUCTION" missed="4" covered="32"/><counter type="BRANCH" missed="2" covered="4"/><counter type="LINE" missed="0" covered="6"/><counter type="COMPLEXITY" missed="2" covered="2"/><counter type="METHOD" missed="0" covered="1"/></method><method name="findDirectlyConnectedConstraints" desc="(Lcom/github/dakusui/jcunitx/factorspace/Constraint;Ljava/util/List;)Ljava/util/List;" line="118"><counter type="INSTRUCTION" missed="0" covered="34"/><counter type="BRANCH" missed="0" covered="4"/><counter type="LINE" missed="0" covered="7"/><counter type="COMPLEXITY" missed="0" covered="3"/><counter type="METHOD" missed="0" covered="1"/></method><method name="lambda$apply$2" desc="(Ljava/util/List;Lcom/github/dakusui/jcunitx/factorspace/Constraint;)Z" line="62"><counter type="INSTRUCTION" missed="2" covered="13"/><counter type="BRANCH" missed="1" covered="1"/><counter type="LINE" missed="0" covered="5"/><counter type="COMPLEXITY" missed="1" covered="1"/><counter type="METHOD" missed="0" covered="1"/></method><method name="lambda$apply$1" desc="(Ljava/util/List;Lcom/github/dakusui/jcunitx/factorspace/Factor;)Z" line="49"><counter type="INSTRUCTION" missed="0" covered="5"/><counter type="LINE" missed="0" covered="1"/><counter type="COMPLEXITY" missed="0" covered="1"/><counter type="METHOD" missed="0" covered="1"/></method><method name="lambda$apply$0" desc="(Lcom/github/dakusui/jcunitx/factorspace/Constraint;)Ljava/util/stream/Stream;" line="48"><counter type="INSTRUCTION" missed="0" covered="4"/><counter type="LINE" missed="0" covered="1"/><counter type="COMPLEXITY" missed="0" covered="1"/><counter type="METHOD" missed="0" covered="1"/></method><method name="&lt;clinit&gt;" desc="()V" line="25"><counter type="INSTRUCTION" missed="2" covered="6"/><counter type="BRANCH" missed="1" covered="1"/><counter type="LINE" missed="0" covered="1"/><counter type="COMPLEXITY" missed="1" covered="1"/><counter type="METHOD" missed="0" covered="1"/></method><counter type="INSTRUCTION" missed="16" covered="281"/><counter type="BRANCH" missed="6" covered="22"/><counter type="LINE" missed="3" covered="55"/><counter type="COMPLEXITY" missed="6" covered="18"/><counter type="METHOD" missed="0" covered="10"/><counter type="CLASS" missed="0" covered="1"/></class><class name="com/github/dakusui/jcunitx/pipeline/stages/Generator$Base" sourcefilename="Generator.java"><method name="&lt;init&gt;" desc="(Lcom/github/dakusui/jcunitx/factorspace/FactorSpace;Lcom/github/dakusui/jcunitx/pipeline/Requirement;)V" line="35"><counter type="INSTRUCTION" missed="0" covered="9"/><counter type="LINE" missed="0" covered="4"/><counter type="COMPLEXITY" missed="0" covered="1"/><counter type="METHOD" missed="0" covered="1"/></method><method name="generate" desc="()Ljava/util/List;" line="41"><counter type="INSTRUCTION" missed="0" covered="15"/><counter type="BRANCH" missed="0" covered="2"/><counter type="LINE" missed="0" covered="4"/><counter type="COMPLEXITY" missed="0" covered="2"/><counter type="METHOD" missed="0" covered="1"/></method><method name="validate" desc="()V" line="48"><counter type="INSTRUCTION" missed="0" covered="1"/><counter type="LINE" missed="0" covered="1"/><counter type="COMPLEXITY" missed="0" covered="1"/><counter type="METHOD" missed="0" covered="1"/></method><method name="lambda$generate$0" desc="(Lcom/github/dakusui/jcunitx/factorspace/Factor;)Z" line="42"><counter type="INSTRUCTION" missed="0" covered="4"/><counter type="LINE" missed="0" covered="1"/><counter type="COMPLEXITY" missed="0" covered="1"/><counter type="METHOD" missed="0" covered="1"/></method><counter type="INSTRUCTION" missed="0" covered="29"/><counter type="BRANCH" missed="0" covered="2"/><counter type="LINE" missed="0" covered="9"/><counter type="COMPLEXITY" missed="0" covered="5"/><counter type="METHOD" missed="0" covered="4"/><counter type="CLASS" missed="0" covered="1"/></class><class name="com/github/dakusui/jcunitx/pipeline/stages/ConfigFactory" sourcefilename="ConfigFactory.java"/><class name="com/github/dakusui/jcunitx/pipeline/stages/Joiner$WeakenProduct$2" sourcefilename="Joiner.java"><method name="&lt;init&gt;" desc="(Lcom/github/dakusui/jcunitx/pipeline/stages/Joiner$WeakenProduct;Ljava/util/Set;)V" line="268"><counter type="INSTRUCTION" missed="14" covered="0"/><counter type="LINE" missed="3" covered="0"/><counter type="COMPLEXITY" missed="1" covered="0"/><counter type="METHOD" missed="1" covered="0"/></method><counter type="INSTRUCTION" missed="14" covered="0"/><counter type="LINE" missed="3" covered="0"/><counter type="COMPLEXITY" missed="1" covered="0"/><counter type="METHOD" missed="1" covered="0"/><counter type="CLASS" missed="1" covered="0"/></class><class name="com/github/dakusui/jcunitx/pipeline/stages/Joiner$WeakenProduct$1" sourcefilename="Joiner.java"><method name="&lt;init&gt;" desc="(Lcom/github/dakusui/jcunitx/pipeline/stages/Joiner$WeakenProduct;Lcom/github/dakusui/jcunitx/testsuite/SchemafulAArraySet;Lcom/github/dakusui/jcunitx/testsuite/SchemafulAArraySet;)V" line="207"><counter type="INSTRUCTION" missed="0" covered="24"/><counter type="LINE" missed="0" covered="4"/><counter type="COMPLEXITY" missed="0" covered="1"/><counter type="METHOD" missed="0" covered="1"/></method><counter type="INSTRUCTION" missed="0" covered="24"/><counter type="LINE" missed="0" covered="4"/><counter type="COMPLEXITY" missed="0" covered="1"/><counter type="METHOD" missed="0" covered="1"/><counter type="CLASS" missed="0" covered="1"/></class><class name="com/github/dakusui/jcunitx/pipeline/stages/Generator$Factory$Standard" sourcefilename="Generator.java"><method name="&lt;init&gt;" desc="()V" line="56"><counter type="INSTRUCTION" missed="0" covered="3"/><counter type="LINE" missed="0" covered="1"/><counter type="COMPLEXITY" missed="0" covered="1"/><counter type="METHOD" missed="0" covered="1"/></method><method name="create" desc="(Lcom/github/dakusui/jcunitx/factorspace/FactorSpace;Lcom/github/dakusui/jcunitx/pipeline/Requirement;Ljava/util/List;)Lcom/github/dakusui/jcunitx/pipeline/stages/Generator;" line="59"><counter type="INSTRUCTION" missed="0" covered="19"/><counter type="BRANCH" missed="0" covered="2"/><counter type="LINE" missed="0" covered="3"/><counter type="COMPLEXITY" missed="0" covered="2"/><counter type="METHOD" missed="0" covered="1"/></method><counter type="INSTRUCTION" missed="0" covered="22"/><counter type="BRANCH" missed="0" covered="2"/><counter type="LINE" missed="0" covered="4"/><counter type="COMPLEXITY" missed="0" covered="3"/><counter type="METHOD" missed="0" covered="2"/><counter type="CLASS" missed="0" covered="1"/></class><class name="com/github/dakusui/jcunitx/pipeline/stages/Joiner$WeakenProduct$3" sourcefilename="Joiner.java"><method name="&lt;init&gt;" desc="(Lcom/github/dakusui/jcunitx/pipeline/stages/Joiner$WeakenProduct;Ljava/util/Set;)V" line="271"><counter type="INSTRUCTION" missed="14" covered="0"/><counter type="LINE" missed="3" covered="0"/><counter type="COMPLEXITY" missed="1" covered="0"/><counter type="METHOD" missed="1" covered="0"/></method><counter type="INSTRUCTION" missed="14" covered="0"/><counter type="LINE" missed="3" covered="0"/><counter type="COMPLEXITY" missed="1" covered="0"/><counter type="METHOD" missed="1" covered="0"/><counter type="CLASS" missed="1" covered="0"/></class><class name="com/github/dakusui/jcunitx/pipeline/stages/Joiner$Base" sourcefilename="Joiner.java"><method name="&lt;init&gt;" desc="(Lcom/github/dakusui/jcunitx/pipeline/Requirement;)V" line="29"><counter type="INSTRUCTION" missed="0" covered="6"/><counter type="LINE" missed="0" covered="3"/><counter type="COMPLEXITY" missed="0" covered="1"/><counter type="METHOD" missed="0" covered="1"/></method><method name="apply" desc="(Lcom/github/dakusui/jcunitx/testsuite/SchemafulAArraySet;Lcom/github/dakusui/jcunitx/testsuite/SchemafulAArraySet;)Lcom/github/dakusui/jcunitx/testsuite/SchemafulAArraySet;" line="35"><counter type="INSTRUCTION" missed="10" covered="22"/><counter type="BRANCH" missed="3" covered="3"/><counter type="LINE" missed="2" covered="4"/><counter type="COMPLEXITY" missed="3" covered="1"/><counter type="METHOD" missed="0" covered="1"/></method><method name="emptyTupleSet" desc="(Lcom/github/dakusui/jcunitx/testsuite/SchemafulAArraySet;Lcom/github/dakusui/jcunitx/testsuite/SchemafulAArraySet;)Lcom/github/dakusui/jcunitx/testsuite/SchemafulAArraySet;" line="44"><counter type="INSTRUCTION" missed="8" covered="0"/><counter type="LINE" missed="1" covered="0"/><counter type="COMPLEXITY" missed="1" covered="0"/><counter type="METHOD" missed="1" covered="0"/></method><method name="requirement" desc="()Lcom/github/dakusui/jcunitx/pipeline/Requirement;" line="51"><counter type="INSTRUCTION" missed="0" covered="3"/><counter type="LINE" missed="0" covered="1"/><counter type="COMPLEXITY" missed="0" covered="1"/><counter type="METHOD" missed="0" covered="1"/></method><counter type="INSTRUCTION" missed="18" covered="31"/><counter type="BRANCH" missed="3" covered="3"/><counter type="LINE" missed="3" covered="8"/><counter type="COMPLEXITY" missed="4" covered="3"/><counter type="METHOD" missed="1" covered="3"/><counter type="CLASS" missed="0" covered="1"/></class><class name="com/github/dakusui/jcunitx/pipeline/stages/Joiner$Standard" sourcefilename="Joiner.java"><method name="&lt;init&gt;" desc="(Lcom/github/dakusui/jcunitx/pipeline/Requirement;)V" line="60"><counter type="INSTRUCTION" missed="0" covered="4"/><counter type="LINE" missed="0" covered="2"/><counter type="COMPLEXITY" missed="0" covered="1"/><counter type="METHOD" missed="0" covered="1"/></method><method name="doJoin" desc="(Lcom/github/dakusui/jcunitx/testsuite/SchemafulAArraySet;Lcom/github/dakusui/jcunitx/testsuite/SchemafulAArraySet;)Lcom/github/dakusui/jcunitx/testsuite/SchemafulAArraySet;" line="124"><counter type="INSTRUCTION" missed="1" covered="134"/><counter type="BRANCH" missed="1" covered="7"/><counter type="LINE" missed="0" covered="30"/><counter type="COMPLEXITY" missed="1" covered="4"/><counter type="METHOD" missed="0" covered="1"/></method><method name="findCoveringTuplesIn" desc="(Lcom/github/dakusui/jcunitx/core/AArray;Lcom/github/dakusui/jcunitx/testsuite/SchemafulAArraySet;)Ljava/util/List;" line="176"><counter type="INSTRUCTION" missed="0" covered="17"/><counter type="LINE" missed="0" covered="5"/><counter type="COMPLEXITY" missed="0" covered="1"/><counter type="METHOD" missed="0" covered="1"/></method><method name="computeTuplesToBeCovered" desc="(Lcom/github/dakusui/jcunitx/testsuite/SchemafulAArraySet;Lcom/github/dakusui/jcunitx/testsuite/SchemafulAArraySet;I)Lcom/github/dakusui/jcunitx/core/TupleSet;" line="186"><counter type="INSTRUCTION" missed="0" covered="30"/><counter type="BRANCH" missed="0" covered="2"/><counter type="LINE" missed="0" covered="6"/><counter type="COMPLEXITY" missed="0" covered="2"/><counter type="METHOD" missed="0" covered="1"/></method><counter type="INSTRUCTION" missed="1" covered="185"/><counter type="BRANCH" missed="1" covered="9"/><counter type="LINE" missed="0" covered="43"/><counter type="COMPLEXITY" missed="1" covered="8"/><counter type="METHOD" missed="0" covered="4"/><counter type="CLASS" missed="0" covered="1"/></class><class name="com/github/dakusui/jcunitx/pipeline/stages/Joiner$Standard$1Session" sourcefilename="Joiner.java"><method name="&lt;init&gt;" desc="(Lcom/github/dakusui/jcunitx/pipeline/stages/Joiner$Standard;Lcom/github/dakusui/jcunitx/testsuite/SchemafulAArraySet;Lcom/github/dakusui/jcunitx/testsuite/SchemafulAArraySet;)V" line="65"><counter type="INSTRUCTION" missed="0" covered="30"/><counter type="LINE" missed="0" covered="5"/><counter type="COMPLEXITY" missed="0" covered="1"/><counter type="METHOD" missed="0" covered="1"/></method><method name="findBestCombinationFor" desc="(Lcom/github/dakusui/jcunitx/core/AArray;Ljava/util/List;Lcom/github/dakusui/jcunitx/core/TupleSet;)Ljava/util/Optional;" line="82"><counter type="INSTRUCTION" missed="3" covered="76"/><counter type="BRANCH" missed="3" covered="7"/><counter type="LINE" missed="1" covered="16"/><counter type="COMPLEXITY" missed="3" covered="3"/><counter type="METHOD" missed="0" covered="1"/></method><method name="findBestRhsFor" desc="(Lcom/github/dakusui/jcunitx/core/AArray;Ljava/util/List;Ljava/util/List;Lcom/github/dakusui/jcunitx/core/TupleSet;)Ljava/util/Optional;" line="104"><counter type="INSTRUCTION" missed="3" covered="51"/><counter type="BRANCH" missed="2" covered="6"/><counter type="LINE" missed="1" covered="13"/><counter type="COMPLEXITY" missed="2" covered="3"/><counter type="METHOD" missed="0" covered="1"/></method><method name="lambda$Session$4" desc="(Ljava/lang/Integer;)Ljava/util/function/Function;" line="74"><counter type="INSTRUCTION" missed="0" covered="4"/><counter type="LINE" missed="0" covered="1"/><counter type="COMPLEXITY" missed="0" covered="1"/><counter type="METHOD" missed="0" covered="1"/></method><method name="lambda$null$3" desc="(Ljava/lang/Integer;Lcom/github/dakusui/jcunitx/core/AArray;)Ljava/util/function/Function;" line="75"><counter type="INSTRUCTION" missed="0" covered="5"/><counter type="LINE" missed="0" covered="1"/><counter type="COMPLEXITY" missed="0" covered="1"/><counter type="METHOD" missed="0" covered="1"/></method><method name="lambda$null$2" desc="(Lcom/github/dakusui/jcunitx/core/AArray;Ljava/lang/Integer;Lcom/github/dakusui/jcunitx/core/AArray;)Ljava/util/Set;" line="76"><counter type="INSTRUCTION" missed="0" covered="6"/><counter type="LINE" missed="0" covered="1"/><counter type="COMPLEXITY" missed="0" covered="1"/><counter type="METHOD" missed="0" covered="1"/></method><method name="lambda$Session$1" desc="(Lcom/github/dakusui/jcunitx/testsuite/SchemafulAArraySet;Lcom/github/dakusui/jcunitx/core/AArray;)Ljava/util/List;" line="70"><counter type="INSTRUCTION" missed="0" covered="9"/><counter type="LINE" missed="0" covered="1"/><counter type="COMPLEXITY" missed="0" covered="1"/><counter type="METHOD" missed="0" covered="1"/></method><method name="lambda$Session$0" desc="(Lcom/github/dakusui/jcunitx/testsuite/SchemafulAArraySet;Lcom/github/dakusui/jcunitx/core/AArray;)Ljava/util/List;" line="67"><counter type="INSTRUCTION" missed="0" covered="9"/><counter type="LINE" missed="0" covered="1"/><counter type="COMPLEXITY" missed="0" covered="1"/><counter type="METHOD" missed="0" covered="1"/></method><counter type="INSTRUCTION" missed="6" covered="190"/><counter type="BRANCH" missed="5" covered="13"/><counter type="LINE" missed="2" covered="39"/><counter type="COMPLEXITY" missed="5" covered="12"/><counter type="METHOD" missed="0" covered="8"/><counter type="CLASS" missed="0" covered="1"/></class><class name="com/github/dakusui/jcunitx/pipeline/stages/ConfigFactory$Default" sourcefilename="ConfigFactory.java"><method name="&lt;init&gt;" desc="()V" line="34"><counter type="INSTRUCTION" missed="0" covered="3"/><counter type="LINE" missed="0" covered="1"/><counter type="COMPLEXITY" missed="0" covered="1"/><counter type="METHOD" missed="0" covered="1"/></method><method name="defineRequirement" desc="(Lcom/github/dakusui/jcunitx/pipeline/Requirement$Builder;)Lcom/github/dakusui/jcunitx/pipeline/Requirement;" line="37"><counter type="INSTRUCTION" missed="0" covered="3"/><counter type="LINE" missed="0" covered="1"/><counter type="COMPLEXITY" missed="0" covered="1"/><counter type="METHOD" missed="0" covered="1"/></method><counter type="INSTRUCTION" missed="0" covered="6"/><counter type="LINE" missed="0" covered="2"/><counter type="COMPLEXITY" missed="0" covered="2"/><counter type="METHOD" missed="0" covered="2"/><counter type="CLASS" missed="0" covered="1"/></class><class name="com/github/dakusui/jcunitx/pipeline/stages/Joiner" sourcefilename="Joiner.java"/><class name="com/github/dakusui/jcunitx/pipeline/stages/Generator$Factory" sourcefilename="Generator.java"/><class name="com/github/dakusui/jcunitx/pipeline/stages/Joiner$JoinerUtils" sourcefilename="Joiner.java"><method name="connect" desc="(Lcom/github/dakusui/jcunitx/core/AArray;Lcom/github/dakusui/jcunitx/core/AArray;)Lcom/github/dakusui/jcunitx/core/AArray;" line="338"><counter type="INSTRUCTION" missed="0" covered="9"/><counter type="LINE" missed="0" covered="1"/><counter type="COMPLEXITY" missed="0" covered="1"/><counter type="METHOD" missed="0" covered="1"/></method><method name="weakenTo" desc="(Lcom/github/dakusui/jcunitx/testsuite/SchemafulAArraySet;ILjava/util/function/Function;)Lcom/github/dakusui/jcunitx/testsuite/SchemafulAArraySet;" line="342"><counter type="INSTRUCTION" missed="0" covered="50"/><counter type="BRANCH" missed="2" covered="4"/><counter type="LINE" missed="0" covered="11"/><counter type="COMPLEXITY" missed="2" covered="2"/><counter type="METHOD" missed="0" covered="1"/></method><method name="tupletsCoveredBy" desc="(Lcom/github/dakusui/jcunitx/testsuite/SchemafulAArraySet;I)Ljava/util/Set;" line="356"><counter type="INSTRUCTION" missed="0" covered="11"/><counter type="LINE" missed="0" covered="3"/><counter type="COMPLEXITY" missed="0" covered="1"/><counter type="METHOD" missed="0" covered="1"/></method><method name="cartesianProduct" desc="(Ljava/util/List;Ljava/util/List;)Ljava/util/List;" line="362"><counter type="INSTRUCTION" missed="0" covered="9"/><counter type="LINE" missed="0" covered="3"/><counter type="COMPLEXITY" missed="0" covered="1"/><counter type="METHOD" missed="0" covered="1"/></method><method name="lambda$cartesianProduct$2" desc="(Ljava/util/List;Lcom/github/dakusui/jcunitx/core/AArray;)Ljava/util/stream/Stream;" line="363"><counter type="INSTRUCTION" missed="0" covered="6"/><counter type="LINE" missed="0" covered="2"/><counter type="COMPLEXITY" missed="0" covered="1"/><counter type="METHOD" missed="0" covered="1"/></method><method name="lambda$null$1" desc="(Lcom/github/dakusui/jcunitx/core/AArray;Lcom/github/dakusui/jcunitx/core/AArray;)Lcom/github/dakusui/jcunitx/core/AArray;" line="364"><counter type="INSTRUCTION" missed="0" covered="4"/><counter type="LINE" missed="0" covered="1"/><counter type="COMPLEXITY" missed="0" covered="1"/><counter type="METHOD" missed="0" covered="1"/></method><method name="lambda$tupletsCoveredBy$0" desc="(Ljava/util/Set;ILcom/github/dakusui/jcunitx/core/AArray;)V" line="357"><counter type="INSTRUCTION" missed="0" covered="7"/><counter type="LINE" missed="0" covered="1"/><counter type="COMPLEXITY" missed="0" covered="1"/><counter type="METHOD" missed="0" covered="1"/></method><method name="&lt;clinit&gt;" desc="()V" line="334"><counter type="INSTRUCTION" missed="0" covered="4"/><counter type="LINE" missed="0" covered="1"/><counter type="COMPLEXITY" missed="0" covered="1"/><counter type="METHOD" missed="0" covered="1"/></method><counter type="INSTRUCTION" missed="0" covered="100"/><counter type="BRANCH" missed="2" covered="4"/><counter type="LINE" missed="0" covered="20"/><counter type="COMPLEXITY" missed="2" covered="9"/><counter type="METHOD" missed="0" covered="8"/><counter type="CLASS" missed="0" covered="1"/></class><class name="com/github/dakusui/jcunitx/pipeline/stages/Generator" sourcefilename="Generator.java"><method name="&lt;clinit&gt;" desc="()V" line="16"><counter type="INSTRUCTION" missed="0" covered="9"/><counter type="LINE" missed="0" covered="2"/><counter type="COMPLEXITY" missed="0" covered="1"/><counter type="METHOD" missed="0" covered="1"/></method><counter type="INSTRUCTION" missed="0" covered="9"/><counter type="LINE" missed="0" covered="2"/><counter type="COMPLEXITY" missed="0" covered="1"/><counter type="METHOD" missed="0" covered="1"/><counter type="CLASS" missed="0" covered="1"/></class><class name="com/github/dakusui/jcunitx/pipeline/stages/Partitioner" sourcefilename="Partitioner.java"/><class name="com/github/dakusui/jcunitx/pipeline/stages/Joiner$WeakenProduct2" sourcefilename="Joiner.java"><method name="&lt;init&gt;" desc="(Lcom/github/dakusui/jcunitx/pipeline/Requirement;)V" line="285"><counter type="INSTRUCTION" missed="0" covered="14"/><counter type="LINE" missed="0" covered="4"/><counter type="COMPLEXITY" missed="0" covered="1"/><counter type="METHOD" missed="0" covered="1"/></method><method name="addConnectedTuples" desc="(Ljava/util/LinkedHashSet;Lcom/github/dakusui/jcunitx/testsuite/SchemafulAArraySet;Lcom/github/dakusui/jcunitx/testsuite/SchemafulAArraySet;)V" line="293"><counter type="INSTRUCTION" missed="0" covered="49"/><counter type="BRANCH" missed="1" covered="5"/><counter type="LINE" missed="0" covered="9"/><counter type="COMPLEXITY" missed="1" covered="3"/><counter type="METHOD" missed="0" covered="1"/></method><method name="crossingTuplets" desc="(Lcom/github/dakusui/jcunitx/core/AArray;Lcom/github/dakusui/jcunitx/core/AArray;I)Ljava/util/Collection;" line="304"><counter type="INSTRUCTION" missed="0" covered="32"/><counter type="LINE" missed="0" covered="8"/><counter type="COMPLEXITY" missed="0" covered="1"/><counter type="METHOD" missed="0" covered="1"/></method><method name="composeColumnSelections" desc="(ILjava/util/List;Ljava/util/List;)Ljava/util/Set;" line="315"><counter type="INSTRUCTION" missed="0" covered="36"/><counter type="BRANCH" missed="0" covered="2"/><counter type="LINE" missed="0" covered="8"/><counter type="COMPLEXITY" missed="0" covered="2"/><counter type="METHOD" missed="0" covered="1"/></method><method name="lambda$composeColumnSelections$5" desc="(Ljava/util/List;ILjava/util/List;)Ljava/util/stream/Stream;" line="322"><counter type="INSTRUCTION" missed="0" covered="11"/><counter type="LINE" missed="0" covered="3"/><counter type="COMPLEXITY" missed="0" covered="1"/><counter type="METHOD" missed="0" covered="1"/></method><method name="lambda$null$4" desc="(Ljava/util/List;Ljava/util/List;)Ljava/util/List;" line="324"><counter type="INSTRUCTION" missed="0" covered="7"/><counter type="LINE" missed="0" covered="1"/><counter type="COMPLEXITY" missed="0" covered="1"/><counter type="METHOD" missed="0" covered="1"/></method><method name="lambda$crossingTuplets$3" desc="(Lcom/github/dakusui/jcunitx/core/AArray;Ljava/util/List;)Lcom/github/dakusui/jcunitx/core/AArray;" line="310"><counter type="INSTRUCTION" missed="0" covered="4"/><counter type="LINE" missed="0" covered="1"/><counter type="COMPLEXITY" missed="0" covered="1"/><counter type="METHOD" missed="0" covered="1"/></method><method name="lambda$new$2" desc="(Ljava/lang/Integer;)Ljava/util/function/Function;" line="289"><counter type="INSTRUCTION" missed="0" covered="5"/><counter type="LINE" missed="0" covered="1"/><counter type="COMPLEXITY" missed="0" covered="1"/><counter type="METHOD" missed="0" covered="1"/></method><method name="lambda$null$1" desc="(Ljava/lang/Integer;Ljava/util/List;)Ljava/util/function/Function;" line="289"><counter type="INSTRUCTION" missed="0" covered="6"/><counter type="LINE" missed="0" covered="1"/><counter type="COMPLEXITY" missed="0" covered="1"/><counter type="METHOD" missed="0" covered="1"/></method><method name="lambda$null$0" desc="(Ljava/lang/Integer;Ljava/util/List;Ljava/util/List;)Ljava/util/Set;" line="289"><counter type="INSTRUCTION" missed="0" covered="7"/><counter type="LINE" missed="0" covered="1"/><counter type="COMPLEXITY" missed="0" covered="1"/><counter type="METHOD" missed="0" covered="1"/></method><counter type="INSTRUCTION" missed="0" covered="171"/><counter type="BRANCH" missed="1" covered="7"/><counter type="LINE" missed="0" covered="32"/><counter type="COMPLEXITY" missed="1" covered="13"/><counter type="METHOD" missed="0" covered="10"/><counter type="CLASS" missed="0" covered="1"/></class><class name="com/github/dakusui/jcunitx/pipeline/stages/Encoder$Standard" sourcefilename="Encoder.java"><method name="&lt;init&gt;" desc="()V" line="16"><counter type="INSTRUCTION" missed="0" covered="3"/><counter type="LINE" missed="0" covered="1"/><counter type="COMPLEXITY" missed="0" covered="1"/><counter type="METHOD" missed="0" covered="1"/></method><method name="apply" desc="(Lcom/github/dakusui/jcunitx/metamodel/ParameterSpace;)Lcom/github/dakusui/jcunitx/factorspace/FactorSpace;" line="25"><counter type="INSTRUCTION" missed="0" covered="39"/><counter type="LINE" missed="0" covered="13"/><counter type="COMPLEXITY" missed="0" covered="1"/><counter type="METHOD" missed="0" covered="1"/></method><method name="streamParameters" desc="(Lcom/github/dakusui/jcunitx/metamodel/ParameterSpace;)Ljava/util/stream/Stream;" line="48"><counter type="INSTRUCTION" missed="0" covered="10"/><counter type="LINE" missed="0" covered="2"/><counter type="COMPLEXITY" missed="0" covered="1"/><counter type="METHOD" missed="0" covered="1"/></method><method name="lambda$apply$4" desc="(Lcom/github/dakusui/jcunitx/factorspace/FactorSpace;)Ljava/util/stream/Stream;" line="39"><counter type="INSTRUCTION" missed="0" covered="4"/><counter type="LINE" missed="0" covered="1"/><counter type="COMPLEXITY" missed="0" covered="1"/><counter type="METHOD" missed="0" covered="1"/></method><method name="lambda$apply$3" desc="(Lcom/github/dakusui/jcunitx/factorspace/FactorSpace;)Ljava/util/stream/Stream;" line="34"><counter type="INSTRUCTION" missed="0" covered="4"/><counter type="LINE" missed="0" covered="1"/><counter type="COMPLEXITY" missed="0" covered="1"/><counter type="METHOD" missed="0" covered="1"/></method><method name="lambda$apply$2" desc="(Lcom/github/dakusui/jcunitx/metamodel/ParameterSpace;Lcom/github/dakusui/jcunitx/metamodel/Parameter;)V" line="26"><counter type="INSTRUCTION" missed="0" covered="7"/><counter type="LINE" missed="0" covered="1"/><counter type="COMPLEXITY" missed="0" covered="1"/><counter type="METHOD" missed="0" covered="1"/></method><method name="lambda$null$1" desc="(Lcom/github/dakusui/jcunitx/metamodel/ParameterSpace;Lcom/github/dakusui/jcunitx/metamodel/Parameter;)Z" line="26"><counter type="INSTRUCTION" missed="1" covered="13"/><counter type="BRANCH" missed="1" covered="3"/><counter type="LINE" missed="0" covered="3"/><counter type="COMPLEXITY" missed="1" covered="2"/><counter type="METHOD" missed="0" covered="1"/></method><method name="lambda$null$0" desc="(Lcom/github/dakusui/jcunitx/metamodel/Parameter;Lcom/github/dakusui/jcunitx/factorspace/Constraint;)Z" line="28"><counter type="INSTRUCTION" missed="6" covered="0"/><counter type="LINE" missed="1" covered="0"/><counter type="COMPLEXITY" missed="1" covered="0"/><counter type="METHOD" missed="1" covered="0"/></method><counter type="INSTRUCTION" missed="7" covered="80"/><counter type="BRANCH" missed="1" covered="3"/><counter type="LINE" missed="0" covered="19"/><counter type="COMPLEXITY" missed="2" covered="8"/><counter type="METHOD" missed="1" covered="7"/><counter type="CLASS" missed="0" covered="1"/></class><class name="com/github/dakusui/jcunitx/pipeline/stages/Encoder" sourcefilename="Encoder.java"/><class name="com/github/dakusui/jcunitx/pipeline/stages/ConfigFactory$Base" sourcefilename="ConfigFactory.java"><method name="&lt;init&gt;" desc="()V" line="9"><counter type="INSTRUCTION" missed="0" covered="3"/><counter type="LINE" missed="0" covered="1"/><counter type="COMPLEXITY" missed="0" covered="1"/><counter type="METHOD" missed="0" covered="1"/></method><method name="requirement" desc="()Lcom/github/dakusui/jcunitx/pipeline/Requirement;" line="11"><counter type="INSTRUCTION" missed="0" covered="5"/><counter type="LINE" missed="0" covered="1"/><counter type="COMPLEXITY" missed="0" covered="1"/><counter type="METHOD" missed="0" covered="1"/></method><method name="create" desc="()Lcom/github/dakusui/jcunitx/pipeline/Config;" line="16"><counter type="INSTRUCTION" missed="0" covered="8"/><counter type="LINE" missed="0" covered="1"/><counter type="COMPLEXITY" missed="0" covered="1"/><counter type="METHOD" missed="0" covered="1"/></method><method name="generatorFactory" desc="()Lcom/github/dakusui/jcunitx/pipeline/stages/Generator$Factory;" line="24"><counter type="INSTRUCTION" missed="0" covered="4"/><counter type="LINE" missed="0" covered="1"/><counter type="COMPLEXITY" missed="0" covered="1"/><counter type="METHOD" missed="0" covered="1"/></method><method name="defaultValues" desc="()Lcom/github/dakusui/jcunitx/pipeline/Requirement$Builder;" line="28"><counter type="INSTRUCTION" missed="0" covered="8"/><counter type="LINE" missed="0" covered="3"/><counter type="COMPLEXITY" missed="0" covered="1"/><counter type="METHOD" missed="0" covered="1"/></method><counter type="INSTRUCTION" missed="0" covered="28"/><counter type="LINE" missed="0" covered="7"/><counter type="COMPLEXITY" missed="0" covered="5"/><counter type="METHOD" missed="0" covered="5"/><counter type="CLASS" missed="0" covered="1"/></class><class name="com/github/dakusui/jcunitx/pipeline/stages/Joiner$WeakenProduct" sourcefilename="Joiner.java"><method name="&lt;init&gt;" desc="(Lcom/github/dakusui/jcunitx/pipeline/Requirement;)V" line="199"><counter type="INSTRUCTION" missed="0" covered="4"/><counter type="LINE" missed="0" covered="2"/><counter type="COMPLEXITY" missed="0" covered="1"/><counter type="METHOD" missed="0" covered="1"/></method><method name="doJoin" desc="(Lcom/github/dakusui/jcunitx/testsuite/SchemafulAArraySet;Lcom/github/dakusui/jcunitx/testsuite/SchemafulAArraySet;)Lcom/github/dakusui/jcunitx/testsuite/SchemafulAArraySet;" line="204"><counter type="INSTRUCTION" missed="2" covered="119"/><counter type="BRANCH" missed="2" covered="4"/><counter type="LINE" missed="1" covered="21"/><counter type="COMPLEXITY" missed="2" covered="2"/><counter type="METHOD" missed="0" covered="1"/></method><method name="addConnectedTuples" desc="(Ljava/util/LinkedHashSet;Lcom/github/dakusui/jcunitx/testsuite/SchemafulAArraySet;Lcom/github/dakusui/jcunitx/testsuite/SchemafulAArraySet;)V" line="238"><counter type="INSTRUCTION" missed="0" covered="7"/><counter type="LINE" missed="0" covered="3"/><counter type="COMPLEXITY" missed="0" covered="1"/><counter type="METHOD" missed="0" covered="1"/></method><method name="ensureLeftoversArePresent" desc="(Ljava/util/LinkedHashSet;Ljava/util/Set;Ljava/util/Set;Lcom/github/dakusui/jcunitx/core/AArray;Lcom/github/dakusui/jcunitx/core/AArray;)V" line="249"><counter type="INSTRUCTION" missed="19" covered="7"/><counter type="BRANCH" missed="4" covered="2"/><counter type="LINE" missed="4" covered="2"/><counter type="COMPLEXITY" missed="3" covered="1"/><counter type="METHOD" missed="0" covered="1"/></method><method name="ensureLeftoversArePresent_" desc="(Ljava/util/LinkedHashSet;Ljava/util/Set;Ljava/util/Set;Lcom/github/dakusui/jcunitx/core/AArray;)V" line="266"><counter type="INSTRUCTION" missed="57" covered="0"/><counter type="BRANCH" missed="4" covered="0"/><counter type="LINE" missed="9" covered="0"/><counter type="COMPLEXITY" missed="3" covered="0"/><counter type="METHOD" missed="1" covered="0"/></method><method name="lambda$doJoin$4" desc="(Lcom/github/dakusui/jcunitx/testsuite/SchemafulAArraySet;)Ljava/util/function/Function;" line="220"><counter type="INSTRUCTION" missed="0" covered="4"/><counter type="LINE" missed="0" covered="1"/><counter type="COMPLEXITY" missed="0" covered="1"/><counter type="METHOD" missed="0" covered="1"/></method><method name="lambda$null$3" desc="(Lcom/github/dakusui/jcunitx/testsuite/SchemafulAArraySet;Ljava/lang/Integer;)Ljava/util/Set;" line="220"><counter type="INSTRUCTION" missed="0" covered="5"/><counter type="LINE" missed="0" covered="1"/><counter type="COMPLEXITY" missed="0" covered="1"/><counter type="METHOD" missed="0" covered="1"/></method><method name="lambda$doJoin$2" desc="(Ljava/util/function/Function;)Ljava/util/function/Function;" line="218"><counter type="INSTRUCTION" missed="0" covered="4"/><counter type="LINE" missed="0" covered="1"/><counter type="COMPLEXITY" missed="0" covered="1"/><counter type="METHOD" missed="0" covered="1"/></method><method name="lambda$null$1" desc="(Ljava/util/function/Function;Lcom/github/dakusui/jcunitx/testsuite/SchemafulAArraySet;)Ljava/util/function/Function;" line="218"><counter type="INSTRUCTION" missed="0" covered="5"/><counter type="LINE" missed="0" covered="1"/><counter type="COMPLEXITY" missed="0" covered="1"/><counter type="METHOD" missed="0" covered="1"/></method><method name="lambda$null$0" desc="(Lcom/github/dakusui/jcunitx/testsuite/SchemafulAArraySet;Ljava/util/function/Function;Ljava/lang/Integer;)Lcom/github/dakusui/jcunitx/testsuite/SchemafulAArraySet;" line="218"><counter type="INSTRUCTION" missed="0" covered="6"/><counter type="LINE" missed="0" covered="1"/><counter type="COMPLEXITY" missed="0" covered="1"/><counter type="METHOD" missed="0" covered="1"/></method><counter type="INSTRUCTION" missed="78" covered="161"/><counter type="BRANCH" missed="10" covered="6"/><counter type="LINE" missed="14" covered="28"/><counter type="COMPLEXITY" missed="8" covered="10"/><counter type="METHOD" missed="1" covered="9"/><counter type="CLASS" missed="0" covered="1"/></class><sourcefile name="Joiner.java"><line nr="29" mi="0" ci="2" mb="0" cb="0"/><line nr="30" mi="0" ci="3" mb="0" cb="0"/><line nr="31" mi="0" ci="1" mb="0" cb="0"/><line nr="35" mi="0" ci="6" mb="0" cb="0"/><line nr="36" mi="0" ci="6" mb="2" cb="2"/><line nr="37" mi="5" ci="0" mb="0" cb="0"/><line nr="38" mi="0" ci="5" mb="1" cb="1"/><line nr="39" mi="5" ci="0" mb="0" cb="0"/><line nr="40" mi="0" ci="5" mb="0" cb="0"/><line nr="44" mi="19" ci="0" mb="0" cb="0"/><line nr="45" mi="6" ci="0" mb="0" cb="0"/><line nr="46" mi="6" ci="0" mb="0" cb="0"/><line nr="47" mi="1" ci="0" mb="0" cb="0"/><line nr="51" mi="0" ci="3" mb="0" cb="0"/><line nr="60" mi="0" ci="3" mb="0" cb="0"/><line nr="61" mi="0" ci="1" mb="0" cb="0"/><line nr="65" mi="0" ci="11" mb="0" cb="0"/><line nr="66" mi="0" ci="7" mb="0" cb="0"/><line nr="67" mi="0" ci="9" mb="0" cb="0"/><line nr="69" mi="0" ci="7" mb="0" cb="0"/><line nr="70" mi="0" ci="9" mb="0" cb="0"/><line nr="72" mi="0" ci="3" mb="0" cb="0"/><line nr="73" mi="0" ci="2" mb="0" cb="0"/><line nr="74" mi="0" ci="4" mb="0" cb="0"/><line nr="75" mi="0" ci="5" mb="0" cb="0"/><line nr="76" mi="0" ci="6" mb="0" cb="0"/><line nr="82" mi="0" ci="2" mb="0" cb="0"/><line nr="83" mi="0" ci="4" mb="0" cb="0"/><line nr="84" mi="0" ci="14" mb="0" cb="2"/><line nr="85" mi="0" ci="14" mb="0" cb="2"/><line nr="86" mi="0" ci="6" mb="1" cb="1"/><line nr="87" mi="1" ci="0" mb="0" cb="0"/><line nr="88" mi="0" ci="6" mb="0" cb="0"/><line nr="89" mi="0" ci="12" mb="0" cb="0"/><line nr="91" mi="0" ci="3" mb="1" cb="1"/><line nr="92" mi="0" ci="2" mb="0" cb="0"/><line nr="93" mi="0" ci="2" mb="0" cb="0"/><line nr="94" mi="0" ci="2" mb="0" cb="0"/><line nr="96" mi="0" ci="1" mb="0" cb="0"/><line nr="97" mi="0" ci="1" mb="0" cb="0"/><line nr="98" mi="0" ci="3" mb="1" cb="1"/><line nr="99" mi="2" ci="2" mb="0" cb="0"/><line nr="100" mi="0" ci="2" mb="0" cb="0"/><line nr="104" mi="0" ci="2" mb="0" cb="0"/><line nr="105" mi="0" ci="2" mb="0" cb="0"/><line nr="106" mi="0" ci="10" mb="0" cb="2"/><line nr="107" mi="0" ci="6" mb="1" cb="1"/><line nr="108" mi="1" ci="0" mb="0" cb="0"/><line nr="109" mi="0" ci="6" mb="0" cb="0"/><line nr="110" mi="0" ci="12" mb="0" cb="0"/><line nr="113" mi="0" ci="3" mb="0" cb="2"/><line nr="114" mi="0" ci="2" mb="0" cb="0"/><line nr="115" mi="0" ci="2" mb="0" cb="0"/><line nr="117" mi="0" ci="1" mb="0" cb="0"/><line nr="118" mi="0" ci="3" mb="1" cb="1"/><line nr="119" mi="2" ci="1" mb="0" cb="0"/><line nr="120" mi="0" ci="1" mb="0" cb="0"/><line nr="124" mi="0" ci="7" mb="0" cb="0"/><line nr="126" mi="0" ci="7" mb="0" cb="0"/><line nr="127" mi="0" ci="4" mb="0" cb="0"/><line nr="134" mi="1" ci="8" mb="1" cb="1"/><line nr="135" mi="0" ci="8" mb="0" cb="2"/><line nr="136" mi="0" ci="5" mb="0" cb="0"/><line nr="137" mi="0" ci="6" mb="0" cb="2"/><line nr="138" mi="0" ci="8" mb="0" cb="0"/><line nr="139" mi="0" ci="7" mb="0" cb="0"/><line nr="140" mi="0" ci="3" mb="0" cb="0"/><line nr="142" mi="0" ci="4" mb="0" cb="0"/><line nr="143" mi="0" ci="4" mb="0" cb="0"/><line nr="144" mi="0" ci="9" mb="0" cb="0"/><line nr="148" mi="0" ci="3" mb="0" cb="2"/><line nr="149" mi="0" ci="4" mb="0" cb="0"/><line nr="150" mi="0" ci="7" mb="0" cb="0"/><line nr="155" mi="0" ci="3" mb="0" cb="0"/><line nr="159" mi="0" ci="4" mb="0" cb="0"/><line nr="160" mi="0" ci="6" mb="0" cb="0"/><line nr="161" mi="0" ci="4" mb="0" cb="0"/><line nr="162" mi="0" ci="3" mb="0" cb="0"/><line nr="163" mi="0" ci="2" mb="0" cb="0"/><line nr="165" mi="0" ci="1" mb="0" cb="0"/><line nr="166" mi="0" ci="4" mb="0" cb="0"/><line nr="167" mi="0" ci="1" mb="0" cb="0"/><line nr="168" mi="0" ci="3" mb="0" cb="0"/><line nr="169" mi="0" ci="2" mb="0" cb="0"/><line nr="170" mi="0" ci="5" mb="0" cb="0"/><line nr="171" mi="0" ci="1" mb="0" cb="0"/><line nr="172" mi="0" ci="1" mb="0" cb="0"/><line nr="176" mi="0" ci="5" mb="0" cb="0"/><line nr="177" mi="0" ci="8" mb="0" cb="0"/><line nr="178" mi="0" ci="1" mb="0" cb="0"/><line nr="180" mi="0" ci="2" mb="0" cb="0"/><line nr="181" mi="0" ci="1" mb="0" cb="0"/><line nr="186" mi="0" ci="4" mb="0" cb="0"/><line nr="187" mi="0" ci="7" mb="0" cb="2"/><line nr="188" mi="0" ci="6" mb="0" cb="0"/><line nr="189" mi="0" ci="4" mb="0" cb="0"/><line nr="190" mi="0" ci="6" mb="0" cb="0"/><line nr="192" mi="0" ci="3" mb="0" cb="0"/><line nr="199" mi="0" ci="3" mb="0" cb="0"/><line nr="200" mi="0" ci="1" mb="0" cb="0"/><line nr="204" mi="0" ci="6" mb="2" cb="2"/><line nr="205" mi="2" ci="0" mb="0" cb="0"/><line nr="207" mi="0" ci="21" mb="0" cb="0"/><line nr="208" mi="0" ci="6" mb="0" cb="0"/><line nr="209" mi="0" ci="6" mb="0" cb="0"/><line nr="210" mi="0" ci="1" mb="0" cb="0"/><line nr="211" mi="0" ci="6" mb="0" cb="0"/><line nr="212" mi="0" ci="6" mb="0" cb="0"/><line nr="213" mi="0" ci="4" mb="0" cb="0"/><line nr="214" mi="0" ci="4" mb="0" cb="0"/><line nr="215" mi="0" ci="4" mb="0" cb="0"/><line nr="217" mi="0" ci="1" mb="0" cb="0"/><line nr="218" mi="0" ci="17" mb="0" cb="0"/><line nr="219" mi="0" ci="1" mb="0" cb="0"/><line nr="220" mi="0" ci="11" mb="0" cb="0"/><line nr="221" mi="0" ci="9" mb="0" cb="2"/><line nr="222" mi="0" ci="12" mb="0" cb="0"/><line nr="223" mi="0" ci="16" mb="0" cb="0"/><line nr="224" mi="0" ci="5" mb="0" cb="0"/><line nr="225" mi="0" ci="4" mb="0" cb="0"/><line nr="226" mi="0" ci="4" mb="0" cb="0"/><line nr="230" mi="0" ci="7" mb="0" cb="0"/><line nr="232" mi="0" ci="6" mb="0" cb="0"/><line nr="233" mi="0" ci="7" mb="0" cb="0"/><line nr="234" mi="0" ci="3" mb="0" cb="0"/><line nr="238" mi="0" ci="5" mb="0" cb="0"/><line nr="239" mi="0" ci="1" mb="0" cb="0"/><line nr="242" mi="0" ci="1" mb="0" cb="0"/><line nr="249" mi="0" ci="6" mb="2" cb="2"/><line nr="250" mi="0" ci="1" mb="0" cb="0"/><line nr="252" mi="5" ci="0" mb="2" cb="0"/><line nr="253" mi="7" ci="0" mb="0" cb="0"/><line nr="257" mi="6" ci="0" mb="0" cb="0"/><line nr="260" mi="1" ci="0" mb="0" cb="0"/><line nr="266" mi="6" ci="0" mb="0" cb="0"/><line nr="267" mi="6" ci="0" mb="0" cb="0"/><line nr="268" mi="14" ci="0" mb="0" cb="0"/><line nr="269" mi="5" ci="0" mb="0" cb="0"/><line nr="270" mi="1" ci="0" mb="0" cb="0"/><line nr="271" mi="14" ci="0" mb="0" cb="0"/><line nr="272" mi="5" ci="0" mb="0" cb="0"/><line nr="273" mi="1" ci="0" mb="0" cb="0"/><line nr="274" mi="7" ci="0" mb="2" cb="0"/><line nr="275" mi="3" ci="0" mb="2" cb="0"/><line nr="276" mi="13" ci="0" mb="0" cb="0"/><line nr="278" mi="9" ci="0" mb="0" cb="0"/><line nr="280" mi="1" ci="0" mb="0" cb="0"/><line nr="285" mi="0" ci="5" mb="0" cb="0"/><line nr="288" mi="0" ci="3" mb="0" cb="0"/><line nr="289" mi="0" ci="23" mb="0" cb="0"/><line nr="290" mi="0" ci="1" mb="0" cb="0"/><line nr="293" mi="0" ci="10" mb="0" cb="2"/><line nr="294" mi="0" ci="10" mb="0" cb="2"/><line nr="295" mi="0" ci="4" mb="0" cb="0"/><line nr="296" mi="0" ci="11" mb="0" cb="0"/><line nr="297" mi="0" ci="5" mb="1" cb="1"/><line nr="298" mi="0" ci="6" mb="0" cb="0"/><line nr="299" mi="0" ci="1" mb="0" cb="0"/><line nr="300" mi="0" ci="1" mb="0" cb="0"/><line nr="301" mi="0" ci="1" mb="0" cb="0"/><line nr="304" mi="0" ci="4" mb="0" cb="0"/><line nr="305" mi="0" ci="4" mb="0" cb="0"/><line nr="306" mi="0" ci="6" mb="0" cb="0"/><line nr="307" mi="0" ci="7" mb="0" cb="0"/><line nr="308" mi="0" ci="4" mb="0" cb="0"/><line nr="309" mi="0" ci="3" mb="0" cb="0"/><line nr="310" mi="0" ci="5" mb="0" cb="0"/><line nr="311" mi="0" ci="3" mb="0" cb="0"/><line nr="315" mi="0" ci="4" mb="0" cb="0"/><line nr="316" mi="0" ci="9" mb="0" cb="2"/><line nr="317" mi="0" ci="6" mb="0" cb="0"/><line nr="319" mi="0" ci="2" mb="0" cb="0"/><line nr="320" mi="0" ci="6" mb="0" cb="0"/><line nr="321" mi="0" ci="6" mb="0" cb="0"/><line nr="322" mi="0" ci="6" mb="0" cb="0"/><line nr="323" mi="0" ci="4" mb="0" cb="0"/><line nr="324" mi="0" ci="19" mb="0" cb="0"/><line nr="325" mi="0" ci="5" mb="0" cb="0"/><line nr="326" mi="0" ci="5" mb="0" cb="0"/><line nr="327" mi="0" ci="1" mb="0" cb="0"/><line nr="328" mi="0" ci="1" mb="0" cb="0"/><line nr="330" mi="0" ci="2" mb="0" cb="0"/><line nr="334" mi="0" ci="4" mb="0" cb="0"/><line nr="338" mi="0" ci="9" mb="0" cb="0"/><line nr="342" mi="0" ci="6" mb="0" cb="0"/><line nr="343" mi="0" ci="9" mb="0" cb="0"/><line nr="344" mi="0" ci="10" mb="1" cb="1"/><line nr="345" mi="0" ci="3" mb="0" cb="0"/><line nr="346" mi="0" ci="6" mb="0" cb="0"/><line nr="347" mi="0" ci="4" mb="1" cb="1"/><line nr="348" mi="0" ci="4" mb="0" cb="0"/><line nr="349" mi="0" ci="3" mb="0" cb="2"/><line nr="350" mi="0" ci="1" mb="0" cb="0"/><line nr="351" mi="0" ci="1" mb="0" cb="0"/><line nr="352" mi="0" ci="3" mb="0" cb="0"/><line nr="356" mi="0" ci="4" mb="0" cb="0"/><line nr="357" mi="0" ci="12" mb="0" cb="0"/><line nr="358" mi="0" ci="2" mb="0" cb="0"/><line nr="362" mi="0" ci="5" mb="0" cb="0"/><line nr="363" mi="0" ci="6" mb="0" cb="0"/><line nr="364" mi="0" ci="5" mb="0" cb="0"/><line nr="365" mi="0" ci="3" mb="0" cb="0"/><counter type="INSTRUCTION" missed="155" covered="884"/><counter type="BRANCH" missed="22" covered="42"/><counter type="LINE" missed="26" covered="176"/><counter type="COMPLEXITY" missed="24" covered="57"/><counter type="METHOD" missed="5" covered="44"/><counter type="CLASS" missed="3" covered="8"/></sourcefile><sourcefile name="Generator.java"><line nr="16" mi="0" ci="7" mb="0" cb="0"/><line nr="19" mi="2" ci="0" mb="0" cb="0"/><line nr="22" mi="0" ci="8" mb="0" cb="0"/><line nr="25" mi="0" ci="2" mb="0" cb="0"/><line nr="35" mi="0" ci="2" mb="0" cb="0"/><line nr="36" mi="0" ci="3" mb="0" cb="0"/><line nr="37" mi="0" ci="3" mb="0" cb="0"/><line nr="38" mi="0" ci="1" mb="0" cb="0"/><line nr="41" mi="0" ci="2" mb="0" cb="0"/><line nr="42" mi="0" ci="11" mb="0" cb="2"/><line nr="43" mi="0" ci="2" mb="0" cb="0"/><line nr="44" mi="0" ci="4" mb="0" cb="0"/><line nr="48" mi="0" ci="1" mb="0" cb="0"/><line nr="56" mi="0" ci="3" mb="0" cb="0"/><line nr="59" mi="0" ci="6" mb="0" cb="2"/><line nr="60" mi="0" ci="7" mb="0" cb="0"/><line nr="62" mi="0" ci="6" mb="0" cb="0"/><counter type="INSTRUCTION" missed="2" covered="68"/><counter type="BRANCH" missed="0" covered="4"/><counter type="LINE" missed="1" covered="16"/><counter type="COMPLEXITY" missed="1" covered="12"/><counter type="METHOD" missed="1" covered="10"/><counter type="CLASS" missed="0" covered="5"/></sourcefile><sourcefile name="Partitioner.java"><line nr="25" mi="2" ci="6" mb="1" cb="1"/><line nr="28" mi="0" ci="2" mb="0" cb="0"/><line nr="29" mi="0" ci="5" mb="0" cb="0"/><line nr="30" mi="0" ci="1" mb="0" cb="0"/><line nr="34" mi="0" ci="6" mb="0" cb="0"/><line nr="35" mi="0" ci="4" mb="0" cb="0"/><line nr="36" mi="0" ci="3" mb="0" cb="2"/><line nr="37" mi="0" ci="17" mb="0" cb="0"/><line nr="39" mi="0" ci="7" mb="0" cb="0"/><line nr="40" mi="0" ci="10" mb="0" cb="0"/><line nr="41" mi="0" ci="1" mb="0" cb="0"/><line nr="45" mi="0" ci="4" mb="0" cb="0"/><line nr="46" mi="0" ci="6" mb="0" cb="0"/><line nr="47" mi="0" ci="10" mb="0" cb="2"/><line nr="48" mi="0" ci="13" mb="0" cb="0"/><line nr="49" mi="0" ci="14" mb="0" cb="0"/><line nr="50" mi="0" ci="3" mb="1" cb="1"/><line nr="51" mi="1" ci="0" mb="0" cb="0"/><line nr="52" mi="0" ci="6" mb="0" cb="0"/><line nr="56" mi="0" ci="4" mb="0" cb="0"/><line nr="57" mi="0" ci="1" mb="0" cb="0"/><line nr="59" mi="0" ci="6" mb="0" cb="0"/><line nr="61" mi="0" ci="4" mb="0" cb="0"/><line nr="62" mi="2" ci="6" mb="1" cb="1"/><line nr="63" mi="0" ci="2" mb="0" cb="0"/><line nr="64" mi="0" ci="2" mb="0" cb="0"/><line nr="65" mi="0" ci="1" mb="0" cb="0"/><line nr="66" mi="0" ci="3" mb="0" cb="0"/><line nr="68" mi="0" ci="3" mb="0" cb="0"/><line nr="70" mi="0" ci="6" mb="0" cb="0"/><line nr="74" mi="0" ci="4" mb="0" cb="2"/><line nr="75" mi="0" ci="2" mb="0" cb="0"/><line nr="76" mi="0" ci="10" mb="0" cb="0"/><line nr="77" mi="0" ci="16" mb="0" cb="0"/><line nr="78" mi="0" ci="1" mb="0" cb="0"/><line nr="79" mi="0" ci="5" mb="0" cb="0"/><line nr="80" mi="0" ci="5" mb="0" cb="2"/><line nr="81" mi="0" ci="2" mb="0" cb="0"/><line nr="82" mi="0" ci="4" mb="0" cb="0"/><line nr="83" mi="0" ci="14" mb="0" cb="2"/><line nr="84" mi="0" ci="5" mb="1" cb="1"/><line nr="85" mi="0" ci="5" mb="0" cb="0"/><line nr="87" mi="5" ci="0" mb="0" cb="0"/><line nr="88" mi="2" ci="0" mb="0" cb="0"/><line nr="90" mi="0" ci="1" mb="0" cb="0"/><line nr="91" mi="0" ci="5" mb="0" cb="0"/><line nr="92" mi="0" ci="2" mb="0" cb="0"/><line nr="96" mi="0" ci="5" mb="0" cb="0"/><line nr="97" mi="0" ci="21" mb="0" cb="0"/><line nr="98" mi="0" ci="6" mb="0" cb="0"/><line nr="99" mi="0" ci="6" mb="0" cb="0"/><line nr="100" mi="0" ci="1" mb="0" cb="0"/><line nr="101" mi="0" ci="18" mb="0" cb="0"/><line nr="102" mi="0" ci="6" mb="0" cb="0"/><line nr="103" mi="0" ci="6" mb="0" cb="0"/><line nr="104" mi="0" ci="1" mb="0" cb="0"/><line nr="109" mi="4" ci="6" mb="2" cb="2"/><line nr="110" mi="0" ci="4" mb="0" cb="0"/><line nr="111" mi="0" ci="13" mb="0" cb="2"/><line nr="112" mi="0" ci="6" mb="0" cb="0"/><line nr="113" mi="0" ci="1" mb="0" cb="0"/><line nr="114" mi="0" ci="2" mb="0" cb="0"/><line nr="118" mi="0" ci="4" mb="0" cb="0"/><line nr="119" mi="0" ci="13" mb="0" cb="2"/><line nr="120" mi="0" ci="6" mb="0" cb="2"/><line nr="121" mi="0" ci="4" mb="0" cb="0"/><line nr="122" mi="0" ci="4" mb="0" cb="0"/><line nr="124" mi="0" ci="1" mb="0" cb="0"/><line nr="125" mi="0" ci="2" mb="0" cb="0"/><counter type="INSTRUCTION" missed="16" covered="373"/><counter type="BRANCH" missed="6" covered="22"/><counter type="LINE" missed="3" covered="66"/><counter type="COMPLEXITY" missed="6" covered="23"/><counter type="METHOD" missed="0" covered="15"/><counter type="CLASS" missed="0" covered="5"/></sourcefile><sourcefile name="Encoder.java"><line nr="16" mi="0" ci="3" mb="0" cb="0"/><line nr="25" mi="0" ci="6" mb="0" cb="0"/><line nr="26" mi="0" ci="12" mb="0" cb="2"/><line nr="27" mi="0" ci="4" mb="0" cb="0"/><line nr="28" mi="7" ci="4" mb="1" cb="1"/><line nr="30" mi="0" ci="4" mb="0" cb="0"/><line nr="31" mi="0" ci="1" mb="0" cb="0"/><line nr="32" mi="0" ci="4" mb="0" cb="0"/><line nr="33" mi="0" ci="3" mb="0" cb="0"/><line nr="34" mi="0" ci="5" mb="0" cb="0"/><line nr="35" mi="0" ci="4" mb="0" cb="0"/><line nr="36" mi="0" ci="2" mb="0" cb="0"/><line nr="37" mi="0" ci="3" mb="0" cb="0"/><line nr="38" mi="0" ci="2" mb="0" cb="0"/><line nr="39" mi="0" ci="5" mb="0" cb="0"/><line nr="40" mi="0" ci="4" mb="0" cb="0"/><line nr="41" mi="0" ci="4" mb="0" cb="0"/><line nr="48" mi="0" ci="9" mb="0" cb="0"/><line nr="49" mi="0" ci="1" mb="0" cb="0"/><counter type="INSTRUCTION" missed="7" covered="80"/><counter type="BRANCH" missed="1" covered="3"/><counter type="LINE" missed="0" covered="19"/><counter type="COMPLEXITY" missed="2" covered="8"/><counter type="METHOD" missed="1" covered="7"/><counter type="CLASS" missed="0" covered="1"/></sourcefile><sourcefile name="ConfigFactory.java"><line nr="9" mi="0" ci="3" mb="0" cb="0"/><line nr="11" mi="0" ci="5" mb="0" cb="0"/><line nr="16" mi="0" ci="8" mb="0" cb="0"/><line nr="24" mi="0" ci="4" mb="0" cb="0"/><line nr="28" mi="0" ci="5" mb="0" cb="0"/><line nr="29" mi="0" ci="2" mb="0" cb="0"/><line nr="30" mi="0" ci="1" mb="0" cb="0"/><line nr="34" mi="0" ci="3" mb="0" cb="0"/><line nr="37" mi="0" ci="3" mb="0" cb="0"/><counter type="INSTRUCTION" missed="0" covered="34"/><counter type="LINE" missed="0" covered="9"/><counter type="COMPLEXITY" missed="0" covered="7"/><counter type="METHOD" missed="0" covered="7"/><counter type="CLASS" missed="0" covered="2"/></sourcefile><counter type="INSTRUCTION" missed="180" covered="1439"/><counter type="BRANCH" missed="29" covered="71"/><counter type="LINE" missed="30" covered="286"/><counter type="COMPLEXITY" missed="33" covered="107"/><counter type="METHOD" missed="7" covered="83"/><counter type="CLASS" missed="3" covered="21"/></package><package name="com/github/dakusui/jcunitx/testsuite"><class name="com/github/dakusui/jcunitx/testsuite/SchemafulAArraySet$Builder$1" sourcefilename="SchemafulAArraySet.java"><method name="&lt;init&gt;" desc="(Ljava/util/List;)V" line="67"><counter type="INSTRUCTION" missed="0" covered="11"/><counter type="LINE" missed="0" covered="3"/><counter type="COMPLEXITY" missed="0" covered="1"/><counter type="METHOD" missed="0" covered="1"/></method><counter type="INSTRUCTION" missed="0" covered="11"/><counter type="LINE" missed="0" covered="3"/><counter type="COMPLEXITY" missed="0" covered="1"/><counter type="METHOD" missed="0" covered="1"/><counter type="CLASS" missed="0" covered="1"/></class><class name="com/github/dakusui/jcunitx/testsuite/TestOracle$1" sourcefilename="TestOracle.java"><method name="&lt;init&gt;" desc="(Lcom/github/dakusui/jcunitx/testsuite/TestOracle;)V" line="96"><counter type="INSTRUCTION" missed="0" covered="6"/><counter type="LINE" missed="0" covered="1"/><counter type="COMPLEXITY" missed="0" covered="1"/><counter type="METHOD" missed="0" covered="1"/></method><counter type="INSTRUCTION" missed="0" covered="6"/><counter type="LINE" missed="0" covered="1"/><counter type="COMPLEXITY" missed="0" covered="1"/><counter type="METHOD" missed="0" covered="1"/><counter type="CLASS" missed="0" covered="1"/></class><class name="com/github/dakusui/jcunitx/testsuite/TestSuite$Builder" sourcefilename="TestSuite.java"><method name="&lt;init&gt;" desc="(Lcom/github/dakusui/jcunitx/metamodel/ParameterSpace;Lcom/github/dakusui/jcunitx/testsuite/TestScenario;)V" line="31"><counter type="INSTRUCTION" missed="0" covered="16"/><counter type="LINE" missed="0" covered="5"/><counter type="COMPLEXITY" missed="0" covered="1"/><counter type="METHOD" missed="0" covered="1"/></method><method name="addAllToSeedTuples" desc="(Ljava/util/Collection;)Lcom/github/dakusui/jcunitx/testsuite/TestSuite$Builder;" line="40"><counter type="INSTRUCTION" missed="0" covered="14"/><counter type="LINE" missed="0" covered="2"/><counter type="COMPLEXITY" missed="0" covered="1"/><counter type="METHOD" missed="0" covered="1"/></method><method name="addAllToRegularTuples" desc="(Ljava/util/Collection;)Lcom/github/dakusui/jcunitx/testsuite/TestSuite$Builder;" line="45"><counter type="INSTRUCTION" missed="0" covered="14"/><counter type="LINE" missed="0" covered="2"/><counter type="COMPLEXITY" missed="0" covered="1"/><counter type="METHOD" missed="0" covered="1"/></method><method name="addAllToNegativeTuples" desc="(Ljava/util/Collection;)Lcom/github/dakusui/jcunitx/testsuite/TestSuite$Builder;" line="50"><counter type="INSTRUCTION" missed="0" covered="14"/><counter type="LINE" missed="0" covered="2"/><counter type="COMPLEXITY" missed="0" covered="1"/><counter type="METHOD" missed="0" covered="1"/></method><method name="toTestCase" desc="(Lcom/github/dakusui/jcunitx/testsuite/TestCase$Category;Lcom/github/dakusui/jcunitx/core/AArray;)Lcom/github/dakusui/jcunitx/testsuite/TestCase;" line="55"><counter type="INSTRUCTION" missed="0" covered="17"/><counter type="LINE" missed="0" covered="5"/><counter type="COMPLEXITY" missed="0" covered="1"/><counter type="METHOD" missed="0" covered="1"/></method><method name="build" desc="()Lcom/github/dakusui/jcunitx/testsuite/TestSuite;" line="96"><counter type="INSTRUCTION" missed="0" covered="5"/><counter type="LINE" missed="0" covered="1"/><counter type="COMPLEXITY" missed="0" covered="1"/><counter type="METHOD" missed="0" covered="1"/></method><method name="lambda$toTestCase$3" desc="(Lcom/github/dakusui/jcunitx/core/AArray;Lcom/github/dakusui/jcunitx/factorspace/Constraint;)Z" line="59"><counter type="INSTRUCTION" missed="0" covered="8"/><counter type="BRANCH" missed="0" covered="2"/><counter type="LINE" missed="0" covered="1"/><counter type="COMPLEXITY" missed="0" covered="2"/><counter type="METHOD" missed="0" covered="1"/></method><method name="lambda$addAllToNegativeTuples$2" desc="(Lcom/github/dakusui/jcunitx/core/AArray;)Lcom/github/dakusui/jcunitx/testsuite/TestCase;" line="50"><counter type="INSTRUCTION" missed="0" covered="5"/><counter type="LINE" missed="0" covered="1"/><counter type="COMPLEXITY" missed="0" covered="1"/><counter type="METHOD" missed="0" covered="1"/></method><method name="lambda$addAllToRegularTuples$1" desc="(Lcom/github/dakusui/jcunitx/core/AArray;)Lcom/github/dakusui/jcunitx/testsuite/TestCase;" line="45"><counter type="INSTRUCTION" missed="0" covered="5"/><counter type="LINE" missed="0" covered="1"/><counter type="COMPLEXITY" missed="0" covered="1"/><counter type="METHOD" missed="0" covered="1"/></method><method name="lambda$addAllToSeedTuples$0" desc="(Lcom/github/dakusui/jcunitx/core/AArray;)Lcom/github/dakusui/jcunitx/testsuite/TestCase;" line="40"><counter type="INSTRUCTION" missed="0" covered="5"/><counter type="LINE" missed="0" covered="1"/><counter type="COMPLEXITY" missed="0" covered="1"/><counter type="METHOD" missed="0" covered="1"/></method><counter type="INSTRUCTION" missed="0" covered="103"/><counter type="BRANCH" missed="0" covered="2"/><counter type="LINE" missed="0" covered="17"/><counter type="COMPLEXITY" missed="0" covered="11"/><counter type="METHOD" missed="0" covered="10"/><counter type="CLASS" missed="0" covered="1"/></class><class name="com/github/dakusui/jcunitx/testsuite/SchemafulAArraySet" sourcefilename="SchemafulAArraySet.java"><method name="fromRows" desc="(Ljava/util/List;)Lcom/github/dakusui/jcunitx/testsuite/SchemafulAArraySet;" line="30"><counter type="INSTRUCTION" missed="0" covered="22"/><counter type="LINE" missed="0" covered="5"/><counter type="COMPLEXITY" missed="0" covered="1"/><counter type="METHOD" missed="0" covered="1"/></method><method name="empty" desc="(Ljava/util/List;)Lcom/github/dakusui/jcunitx/testsuite/SchemafulAArraySet;" line="38"><counter type="INSTRUCTION" missed="6" covered="0"/><counter type="LINE" missed="1" covered="0"/><counter type="COMPLEXITY" missed="1" covered="0"/><counter type="METHOD" missed="1" covered="0"/></method><method name="lambda$fromRows$0" desc="(Ljava/util/List;)Z" line="31"><counter type="INSTRUCTION" missed="1" covered="6"/><counter type="BRANCH" missed="1" covered="1"/><counter type="LINE" missed="0" covered="1"/><counter type="COMPLEXITY" missed="1" covered="1"/><counter type="METHOD" missed="0" covered="1"/></method><counter type="INSTRUCTION" missed="7" covered="28"/><counter type="BRANCH" missed="1" covered="1"/><counter type="LINE" missed="1" covered="5"/><counter type="COMPLEXITY" missed="2" covered="2"/><counter type="METHOD" missed="1" covered="2"/><counter type="CLASS" missed="0" covered="1"/></class><class name="com/github/dakusui/jcunitx/testsuite/TestSuite" sourcefilename="TestSuite.java"/><class name="com/github/dakusui/jcunitx/testsuite/TestScenario" sourcefilename="TestScenario.java"/><class name="com/github/dakusui/jcunitx/testsuite/TestOracle$Assertion" sourcefilename="TestOracle.java"><method name="assertThat" desc="(Ljava/lang/Object;Ljava/util/function/Predicate;)V" line="75"><counter type="INSTRUCTION" missed="16" covered="5"/><counter type="BRANCH" missed="1" covered="1"/><counter type="LINE" missed="1" covered="2"/><counter type="COMPLEXITY" missed="1" covered="1"/><counter type="METHOD" missed="0" covered="1"/></method><counter type="INSTRUCTION" missed="16" covered="5"/><counter type="BRANCH" missed="1" covered="1"/><counter type="LINE" missed="1" covered="2"/><counter type="COMPLEXITY" missed="1" covered="1"/><counter type="METHOD" missed="0" covered="1"/><counter type="CLASS" missed="0" covered="1"/></class><class name="com/github/dakusui/jcunitx/testsuite/TestCase$Category" sourcefilename="TestCase.java"><method name="createTestCase" desc="(Lcom/github/dakusui/jcunitx/core/AArray;Ljava/util/List;)Lcom/github/dakusui/jcunitx/testsuite/TestCase;" line="15"><counter type="INSTRUCTION" missed="0" covered="7"/><counter type="LINE" missed="0" covered="1"/><counter type="COMPLEXITY" missed="0" covered="1"/><counter type="METHOD" missed="0" covered="1"/></method><method name="&lt;clinit&gt;" desc="()V" line="9"><counter type="INSTRUCTION" missed="0" covered="34"/><counter type="LINE" missed="0" covered="4"/><counter type="COMPLEXITY" missed="0" covered="1"/><counter type="METHOD" missed="0" covered="1"/></method><counter type="INSTRUCTION" missed="0" covered="41"/><counter type="LINE" missed="0" covered="5"/><counter type="COMPLEXITY" missed="0" covered="2"/><counter type="METHOD" missed="0" covered="2"/><counter type="CLASS" missed="0" covered="1"/></class><class name="com/github/dakusui/jcunitx/testsuite/TestCase$Category$1" sourcefilename="TestCase.java"><method name="&lt;init&gt;" desc="(Lcom/github/dakusui/jcunitx/testsuite/TestCase$Category;Lcom/github/dakusui/jcunitx/core/AArray;Ljava/util/List;)V" line="15"><counter type="INSTRUCTION" missed="0" covered="12"/><counter type="LINE" missed="0" covered="1"/><counter type="COMPLEXITY" missed="0" covered="1"/><counter type="METHOD" missed="0" covered="1"/></method><method name="getTestInput" desc="()Lcom/github/dakusui/jcunitx/core/AArray;" line="18"><counter type="INSTRUCTION" missed="0" covered="3"/><counter type="LINE" missed="0" covered="1"/><counter type="COMPLEXITY" missed="0" covered="1"/><counter type="METHOD" missed="0" covered="1"/></method><method name="getCategory" desc="()Lcom/github/dakusui/jcunitx/testsuite/TestCase$Category;" line="23"><counter type="INSTRUCTION" missed="0" covered="3"/><counter type="LINE" missed="0" covered="1"/><counter type="COMPLEXITY" missed="0" covered="1"/><counter type="METHOD" missed="0" covered="1"/></method><method name="violatedConstraints" desc="()Ljava/util/List;" line="28"><counter type="INSTRUCTION" missed="0" covered="3"/><counter type="LINE" missed="0" covered="1"/><counter type="COMPLEXITY" missed="0" covered="1"/><counter type="METHOD" missed="0" covered="1"/></method><method name="toString" desc="()Ljava/lang/String;" line="33"><counter type="INSTRUCTION" missed="0" covered="20"/><counter type="LINE" missed="0" covered="1"/><counter type="COMPLEXITY" missed="0" covered="1"/><counter type="METHOD" missed="0" covered="1"/></method><counter type="INSTRUCTION" missed="0" covered="41"/><counter type="LINE" missed="0" covered="5"/><counter type="COMPLEXITY" missed="0" covered="5"/><counter type="METHOD" misse
[...]
s name="com/github/dakusui/jcunitx/pipeline/stages/generators/Negative$1" sourcefilename="Negative.java"><method name="&lt;init&gt;" desc="(Lcom/github/dakusui/jcunitx/factorspace/FactorSpace;Ljava/util/List;Ljava/util/List;)V" line="32"><counter type="INSTRUCTION" missed="0" covered="29"/><counter type="LINE" missed="0" covered="6"/><counter type="COMPLEXITY" missed="0" covered="1"/><counter type="METHOD" missed="0" covered="1"/></method><method name="lambda$new$3" desc="(Lcom/github/dakusui/jcunitx/factorspace/FactorSpace;Ljava/util/List;Lcom/github/dakusui/jcunitx/factorspace/Constraint;)V" line="54"><counter type="INSTRUCTION" missed="0" covered="13"/><counter type="LINE" missed="0" covered="5"/><counter type="COMPLEXITY" missed="0" covered="1"/><counter type="METHOD" missed="0" covered="1"/></method><method name="lambda$new$2" desc="(Ljava/util/List;Lcom/github/dakusui/jcunitx/factorspace/FactorSpace;Lcom/github/dakusui/jcunitx/factorspace/Constraint;)Z" line="37"><counter type="INSTRUCTION" missed="0" covered="16"/><counter type="BRANCH" missed="0" covered="2"/><counter type="LINE" missed="0" covered="3"/><counter type="COMPLEXITY" missed="0" covered="2"/><counter type="METHOD" missed="0" covered="1"/></method><method name="lambda$null$1" desc="(Lcom/github/dakusui/jcunitx/factorspace/FactorSpace;Lcom/github/dakusui/jcunitx/factorspace/Constraint;Lcom/github/dakusui/jcunitx/core/AArray;)Z" line="43"><counter type="INSTRUCTION" missed="0" covered="8"/><counter type="LINE" missed="0" covered="3"/><counter type="COMPLEXITY" missed="0" covered="1"/><counter type="METHOD" missed="0" covered="1"/></method><method name="lambda$null$0" desc="(Lcom/github/dakusui/jcunitx/factorspace/Constraint;Lcom/github/dakusui/jcunitx/core/AArray;Lcom/github/dakusui/jcunitx/factorspace/Constraint;)Z" line="47"><counter type="INSTRUCTION" missed="0" covered="15"/><counter type="BRANCH" missed="0" covered="4"/><counter type="LINE" missed="0" covered="3"/><counter type="COMPLEXITY" missed="0" covered="3"/><counter type="METHOD" missed="0" covered="1"/></method><counter type="INSTRUCTION" missed="0" covered="81"/><counter type="BRANCH" missed="0" covered="6"/><counter type="LINE" missed="0" covered="20"/><counter type="COMPLEXITY" missed="0" covered="8"/><counter type="METHOD" missed="0" covered="5"/><counter type="CLASS" missed="0" covered="1"/></class><class name="com/github/dakusui/jcunitx/pipeline/stages/generators/Negative" sourcefilename="Negative.java"><method name="&lt;init&gt;" desc="(Ljava/util/List;Ljava/util/List;Lcom/github/dakusui/jcunitx/factorspace/FactorSpace;Lcom/github/dakusui/jcunitx/pipeline/Requirement;)V" line="21"><counter type="INSTRUCTION" missed="0" covered="11"/><counter type="LINE" missed="0" covered="4"/><counter type="COMPLEXITY" missed="0" covered="1"/><counter type="METHOD" missed="0" covered="1"/></method><method name="generateCore" desc="()Ljava/util/List;" line="28"><counter type="INSTRUCTION" missed="0" covered="8"/><counter type="LINE" missed="0" covered="1"/><counter type="COMPLEXITY" missed="0" covered="1"/><counter type="METHOD" missed="0" covered="1"/></method><method name="generateNegativeTests" desc="(Ljava/util/List;Lcom/github/dakusui/jcunitx/factorspace/FactorSpace;Ljava/util/List;)Ljava/util/List;" line="32"><counter type="INSTRUCTION" missed="0" covered="7"/><counter type="LINE" missed="0" covered="1"/><counter type="COMPLEXITY" missed="0" covered="1"/><counter type="METHOD" missed="0" covered="1"/></method><method name="exclude" desc="(Lcom/github/dakusui/jcunitx/factorspace/Constraint;Ljava/util/List;)Ljava/util/List;" line="70"><counter type="INSTRUCTION" missed="0" covered="6"/><counter type="LINE" missed="0" covered="1"/><counter type="COMPLEXITY" missed="0" covered="1"/><counter type="METHOD" missed="0" covered="1"/></method><method name="composeFactorMap" desc="(Lcom/github/dakusui/jcunitx/factorspace/FactorSpace;)Ljava/util/Map;" line="76"><counter type="INSTRUCTION" missed="0" covered="5"/><counter type="LINE" missed="0" covered="1"/><counter type="COMPLEXITY" missed="0" covered="1"/><counter type="METHOD" missed="0" covered="1"/></method><method name="createNegativeTestForConstraint" desc="(Lcom/github/dakusui/jcunitx/factorspace/Constraint;Ljava/util/List;Ljava/util/Map;Ljava/util/List;)Ljava/util/Optional;" line="82"><counter type="INSTRUCTION" missed="7" covered="61"/><counter type="BRANCH" missed="3" covered="7"/><counter type="LINE" missed="3" covered="13"/><counter type="COMPLEXITY" missed="3" covered="3"/><counter type="METHOD" missed="0" covered="1"/></method><method name="composeValues" desc="(Ljava/util/List;Ljava/util/List;)Lcom/github/dakusui/jcunitx/core/AArray;" line="106"><counter type="INSTRUCTION" missed="0" covered="6"/><counter type="LINE" missed="0" covered="1"/><counter type="COMPLEXITY" missed="0" covered="1"/><counter type="METHOD" missed="0" covered="1"/></method><method name="modifyTupleWithValues" desc="(Lcom/github/dakusui/jcunitx/core/AArray;Lcom/github/dakusui/jcunitx/core/AArray;)Lcom/github/dakusui/jcunitx/core/AArray;" line="113"><counter type="INSTRUCTION" missed="0" covered="12"/><counter type="LINE" missed="0" covered="4"/><counter type="COMPLEXITY" missed="0" covered="1"/><counter type="METHOD" missed="0" covered="1"/></method><method name="createCartesianator" desc="(Lcom/github/dakusui/jcunitx/factorspace/Constraint;Ljava/util/Map;)Lcom/github/dakusui/combinatoradix/Cartesianator;" line="122"><counter type="INSTRUCTION" missed="0" covered="16"/><counter type="LINE" missed="0" covered="1"/><counter type="COMPLEXITY" missed="0" covered="1"/><counter type="METHOD" missed="0" covered="1"/></method><method name="lambda$createNegativeTestForConstraint$0" desc="(Lcom/github/dakusui/jcunitx/core/AArray;Lcom/github/dakusui/jcunitx/factorspace/Constraint;)Z" line="90"><counter type="INSTRUCTION" missed="0" covered="8"/><counter type="BRANCH" missed="0" covered="2"/><counter type="LINE" missed="0" covered="1"/><counter type="COMPLEXITY" missed="0" covered="2"/><counter type="METHOD" missed="0" covered="1"/></method><counter type="INSTRUCTION" missed="7" covered="140"/><counter type="BRANCH" missed="3" covered="9"/><counter type="LINE" missed="3" covered="27"/><counter type="COMPLEXITY" missed="3" covered="13"/><counter type="METHOD" missed="0" covered="10"/><counter type="CLASS" missed="0" covered="1"/></class><sourcefile name="Cartesian.java"><line nr="15" mi="0" ci="4" mb="0" cb="0"/><line nr="16" mi="0" ci="1" mb="0" cb="0"/><line nr="20" mi="0" ci="6" mb="0" cb="0"/><line nr="21" mi="0" ci="7" mb="0" cb="0"/><line nr="22" mi="0" ci="3" mb="0" cb="0"/><line nr="26" mi="0" ci="3" mb="0" cb="0"/><line nr="27" mi="0" ci="3" mb="0" cb="0"/><line nr="28" mi="0" ci="5" mb="0" cb="0"/><counter type="INSTRUCTION" missed="0" covered="32"/><counter type="LINE" missed="0" covered="8"/><counter type="COMPLEXITY" missed="0" covered="5"/><counter type="METHOD" missed="0" covered="5"/><counter type="CLASS" missed="0" covered="1"/></sourcefile><sourcefile name="IpoGplus.java"><line nr="35" mi="0" ci="4" mb="0" cb="0"/><line nr="36" mi="0" ci="5" mb="0" cb="0"/><line nr="37" mi="0" ci="6" mb="0" cb="0"/><line nr="38" mi="0" ci="3" mb="0" cb="0"/><line nr="39" mi="0" ci="9" mb="0" cb="0"/><line nr="40" mi="0" ci="3" mb="0" cb="0"/><line nr="44" mi="0" ci="6" mb="0" cb="0"/><line nr="45" mi="0" ci="1" mb="0" cb="0"/><line nr="46" mi="0" ci="4" mb="0" cb="0"/><line nr="48" mi="0" ci="8" mb="0" cb="0"/><line nr="49" mi="0" ci="7" mb="0" cb="0"/><line nr="50" mi="0" ci="3" mb="0" cb="0"/><line nr="51" mi="0" ci="2" mb="0" cb="0"/><line nr="52" mi="0" ci="1" mb="0" cb="0"/><line nr="60" mi="0" ci="7" mb="0" cb="0"/><line nr="61" mi="0" ci="10" mb="0" cb="0"/><line nr="62" mi="0" ci="5" mb="0" cb="0"/><line nr="63" mi="0" ci="3" mb="0" cb="0"/><line nr="65" mi="0" ci="11" mb="0" cb="0"/><line nr="67" mi="0" ci="6" mb="0" cb="0"/><line nr="71" mi="0" ci="10" mb="0" cb="0"/><line nr="82" mi="0" ci="10" mb="0" cb="0"/><line nr="83" mi="0" ci="1" mb="0" cb="0"/><line nr="84" mi="0" ci="1" mb="0" cb="0"/><line nr="94" mi="0" ci="4" mb="0" cb="0"/><line nr="95" mi="0" ci="10" mb="0" cb="2"/><line nr="96" mi="0" ci="5" mb="0" cb="0"/><line nr="97" mi="0" ci="1" mb="0" cb="0"/><line nr="98" mi="0" ci="4" mb="0" cb="0"/><line nr="99" mi="0" ci="3" mb="0" cb="0"/><line nr="103" mi="0" ci="18" mb="0" cb="0"/><line nr="104" mi="0" ci="5" mb="0" cb="0"/><line nr="105" mi="0" ci="7" mb="0" cb="0"/><line nr="106" mi="0" ci="6" mb="0" cb="0"/><line nr="107" mi="0" ci="4" mb="0" cb="0"/><line nr="108" mi="0" ci="4" mb="0" cb="0"/><line nr="112" mi="0" ci="5" mb="0" cb="0"/><line nr="113" mi="0" ci="3" mb="0" cb="2"/><line nr="114" mi="0" ci="2" mb="0" cb="0"/><line nr="115" mi="0" ci="7" mb="0" cb="0"/><line nr="116" mi="0" ci="5" mb="0" cb="0"/><line nr="117" mi="0" ci="9" mb="0" cb="0"/><line nr="118" mi="0" ci="1" mb="0" cb="0"/><line nr="119" mi="0" ci="4" mb="0" cb="0"/><line nr="120" mi="0" ci="8" mb="0" cb="0"/><line nr="127" mi="3" ci="2" mb="0" cb="0"/><line nr="128" mi="0" ci="1" mb="0" cb="0"/><line nr="132" mi="0" ci="10" mb="0" cb="0"/><line nr="133" mi="0" ci="4" mb="1" cb="1"/><line nr="134" mi="2" ci="3" mb="0" cb="0"/><line nr="135" mi="0" ci="4" mb="0" cb="0"/><line nr="142" mi="0" ci="5" mb="0" cb="0"/><line nr="143" mi="0" ci="1" mb="0" cb="0"/><line nr="145" mi="0" ci="15" mb="0" cb="4"/><line nr="147" mi="0" ci="3" mb="0" cb="0"/><line nr="151" mi="0" ci="4" mb="0" cb="0"/><line nr="152" mi="0" ci="5" mb="0" cb="0"/><line nr="153" mi="0" ci="14" mb="0" cb="2"/><line nr="154" mi="0" ci="9" mb="0" cb="0"/><line nr="155" mi="0" ci="3" mb="0" cb="0"/><line nr="159" mi="0" ci="2" mb="0" cb="0"/><line nr="160" mi="1" ci="5" mb="1" cb="1"/><line nr="162" mi="0" ci="10" mb="0" cb="0"/><line nr="163" mi="0" ci="13" mb="0" cb="0"/><line nr="164" mi="0" ci="1" mb="0" cb="0"/><line nr="165" mi="0" ci="7" mb="0" cb="0"/><line nr="166" mi="0" ci="3" mb="0" cb="0"/><line nr="167" mi="0" ci="9" mb="0" cb="0"/><line nr="171" mi="0" ci="8" mb="0" cb="0"/><line nr="172" mi="0" ci="1" mb="0" cb="0"/><line nr="173" mi="0" ci="3" mb="0" cb="0"/><line nr="194" mi="0" ci="5" mb="0" cb="0"/><line nr="195" mi="0" ci="8" mb="0" cb="0"/><line nr="196" mi="0" ci="1" mb="0" cb="0"/><line nr="197" mi="0" ci="4" mb="0" cb="2"/><line nr="198" mi="0" ci="2" mb="0" cb="0"/><line nr="199" mi="0" ci="4" mb="0" cb="0"/><line nr="200" mi="0" ci="14" mb="0" cb="4"/><line nr="210" mi="0" ci="4" mb="0" cb="0"/><line nr="211" mi="0" ci="3" mb="0" cb="2"/><line nr="212" mi="0" ci="13" mb="0" cb="0"/><line nr="213" mi="0" ci="11" mb="0" cb="0"/><line nr="214" mi="0" ci="7" mb="0" cb="0"/><line nr="215" mi="0" ci="8" mb="0" cb="0"/><line nr="228" mi="0" ci="6" mb="0" cb="0"/><line nr="229" mi="0" ci="1" mb="0" cb="0"/><line nr="230" mi="0" ci="15" mb="1" cb="3"/><line nr="232" mi="0" ci="11" mb="0" cb="0"/><line nr="233" mi="0" ci="4" mb="0" cb="0"/><line nr="235" mi="0" ci="6" mb="0" cb="0"/><line nr="239" mi="0" ci="8" mb="0" cb="0"/><line nr="241" mi="0" ci="2" mb="0" cb="0"/><line nr="242" mi="0" ci="1" mb="0" cb="0"/><line nr="243" mi="0" ci="1" mb="0" cb="0"/><line nr="248" mi="0" ci="4" mb="0" cb="0"/><line nr="249" mi="0" ci="4" mb="0" cb="0"/><line nr="250" mi="0" ci="2" mb="0" cb="0"/><line nr="251" mi="0" ci="4" mb="0" cb="0"/><line nr="255" mi="0" ci="5" mb="0" cb="0"/><line nr="256" mi="0" ci="6" mb="0" cb="0"/><line nr="257" mi="0" ci="3" mb="0" cb="0"/><line nr="261" mi="0" ci="5" mb="0" cb="0"/><line nr="262" mi="1" ci="11" mb="1" cb="1"/><line nr="263" mi="1" ci="9" mb="1" cb="1"/><line nr="264" mi="0" ci="3" mb="0" cb="0"/><line nr="274" mi="0" ci="9" mb="0" cb="0"/><line nr="275" mi="0" ci="3" mb="0" cb="2"/><line nr="276" mi="0" ci="5" mb="0" cb="0"/><line nr="279" mi="0" ci="3" mb="0" cb="0"/><line nr="280" mi="0" ci="3" mb="0" cb="0"/><line nr="281" mi="0" ci="2" mb="0" cb="0"/><line nr="282" mi="0" ci="3" mb="0" cb="0"/><line nr="283" mi="0" ci="1" mb="0" cb="0"/><line nr="284" mi="0" ci="1" mb="0" cb="0"/><line nr="285" mi="0" ci="7" mb="0" cb="0"/><line nr="288" mi="0" ci="2" mb="0" cb="0"/><line nr="292" mi="0" ci="3" mb="0" cb="0"/><line nr="296" mi="0" ci="3" mb="0" cb="0"/><line nr="297" mi="0" ci="7" mb="0" cb="0"/><line nr="301" mi="0" ci="13" mb="0" cb="0"/><line nr="305" mi="0" ci="5" mb="0" cb="0"/><line nr="306" mi="0" ci="1" mb="0" cb="0"/><line nr="307" mi="0" ci="12" mb="0" cb="0"/><line nr="308" mi="0" ci="2" mb="0" cb="0"/><line nr="309" mi="0" ci="1" mb="0" cb="0"/><line nr="314" mi="0" ci="11" mb="0" cb="0"/><line nr="319" mi="0" ci="2" mb="0" cb="0"/><line nr="365" mi="0" ci="8" mb="0" cb="2"/><line nr="366" mi="0" ci="10" mb="0" cb="0"/><line nr="367" mi="0" ci="3" mb="0" cb="0"/><line nr="368" mi="0" ci="3" mb="0" cb="0"/><line nr="379" mi="0" ci="4" mb="0" cb="0"/><line nr="380" mi="0" ci="5" mb="0" cb="0"/><line nr="381" mi="0" ci="7" mb="0" cb="0"/><line nr="382" mi="0" ci="4" mb="0" cb="0"/><line nr="383" mi="0" ci="4" mb="0" cb="0"/><line nr="384" mi="0" ci="10" mb="0" cb="0"/><line nr="385" mi="0" ci="4" mb="0" cb="0"/><line nr="386" mi="0" ci="10" mb="0" cb="2"/><line nr="387" mi="0" ci="4" mb="0" cb="0"/><line nr="388" mi="0" ci="3" mb="0" cb="2"/><line nr="389" mi="0" ci="2" mb="0" cb="0"/><line nr="390" mi="0" ci="8" mb="0" cb="0"/><line nr="391" mi="0" ci="3" mb="0" cb="0"/><line nr="398" mi="0" ci="9" mb="0" cb="2"/><line nr="402" mi="0" ci="7" mb="0" cb="0"/><line nr="403" mi="0" ci="4" mb="0" cb="0"/><line nr="404" mi="0" ci="7" mb="0" cb="0"/><line nr="408" mi="0" ci="10" mb="0" cb="2"/><line nr="413" mi="0" ci="12" mb="0" cb="0"/><line nr="418" mi="0" ci="2" mb="0" cb="0"/><line nr="421" mi="7" ci="0" mb="0" cb="0"/><line nr="423" mi="0" ci="6" mb="0" cb="0"/><line nr="426" mi="0" ci="6" mb="0" cb="0"/><line nr="427" mi="0" ci="1" mb="0" cb="0"/><line nr="433" mi="0" ci="13" mb="0" cb="2"/><line nr="441" mi="0" ci="9" mb="1" cb="1"/><line nr="442" mi="5" ci="0" mb="0" cb="0"/><line nr="444" mi="0" ci="8" mb="0" cb="0"/><line nr="446" mi="0" ci="1" mb="0" cb="0"/><line nr="447" mi="0" ci="7" mb="0" cb="0"/><line nr="448" mi="0" ci="7" mb="0" cb="0"/><line nr="450" mi="0" ci="4" mb="0" cb="0"/><line nr="451" mi="0" ci="3" mb="0" cb="0"/><line nr="452" mi="0" ci="3" mb="0" cb="0"/><line nr="453" mi="0" ci="2" mb="0" cb="0"/><line nr="463" mi="0" ci="3" mb="0" cb="0"/><line nr="464" mi="0" ci="4" mb="0" cb="2"/><line nr="465" mi="0" ci="4" mb="0" cb="0"/><line nr="466" mi="0" ci="4" mb="0" cb="0"/><line nr="468" mi="0" ci="1" mb="0" cb="0"/><line nr="469" mi="0" ci="6" mb="0" cb="0"/><line nr="470" mi="0" ci="1" mb="0" cb="0"/><line nr="471" mi="0" ci="1" mb="0" cb="0"/><line nr="476" mi="0" ci="4" mb="0" cb="0"/><line nr="478" mi="0" ci="2" mb="0" cb="0"/><line nr="483" mi="0" ci="3" mb="0" cb="0"/><line nr="484" mi="1" ci="11" mb="1" cb="1"/><line nr="486" mi="9" ci="0" mb="0" cb="0"/><line nr="488" mi="7" ci="0" mb="0" cb="0"/><line nr="489" mi="8" ci="0" mb="0" cb="0"/><line nr="490" mi="2" ci="0" mb="0" cb="0"/><line nr="493" mi="0" ci="1" mb="0" cb="0"/><line nr="500" mi="0" ci="10" mb="0" cb="0"/><line nr="504" mi="0" ci="2" mb="0" cb="0"/><line nr="505" mi="0" ci="9" mb="0" cb="0"/><line nr="506" mi="0" ci="14" mb="0" cb="2"/><line nr="507" mi="0" ci="2" mb="0" cb="0"/><line nr="508" mi="0" ci="3" mb="0" cb="0"/><line nr="509" mi="0" ci="1" mb="0" cb="0"/><line nr="512" mi="0" ci="2" mb="0" cb="0"/><line nr="513" mi="0" ci="6" mb="0" cb="0"/><line nr="517" mi="0" ci="2" mb="0" cb="0"/><line nr="518" mi="0" ci="3" mb="0" cb="0"/><line nr="521" mi="0" ci="14" mb="0" cb="0"/><line nr="522" mi="0" ci="22" mb="0" cb="0"/><line nr="523" mi="0" ci="1" mb="0" cb="0"/><counter type="INSTRUCTION" missed="47" covered="1029"/><counter type="BRANCH" missed="7" covered="45"/><counter type="LINE" missed="6" covered="191"/><counter type="COMPLEXITY" missed="10" covered="91"/><counter type="METHOD" missed="3" covered="72"/><counter type="CLASS" missed="0" covered="5"/></sourcefile><sourcefile name="Passthrough.java"><line nr="14" mi="4" ci="0" mb="0" cb="0"/><line nr="15" mi="3" ci="0" mb="0" cb="0"/><line nr="16" mi="1" ci="0" mb="0" cb="0"/><line nr="20" mi="3" ci="0" mb="0" cb="0"/><counter type="INSTRUCTION" missed="11" covered="0"/><counter type="LINE" missed="4" covered="0"/><counter type="COMPLEXITY" missed="2" covered="0"/><counter type="METHOD" missed="2" covered="0"/><counter type="CLASS" missed="1" covered="0"/></sourcefile><sourcefile name="Negative.java"><line nr="21" mi="0" ci="4" mb="0" cb="0"/><line nr="22" mi="0" ci="3" mb="0" cb="0"/><line nr="23" mi="0" ci="3" mb="0" cb="0"/><line nr="24" mi="0" ci="1" mb="0" cb="0"/><line nr="28" mi="0" ci="8" mb="0" cb="0"/><line nr="32" mi="0" ci="18" mb="0" cb="0"/><line nr="34" mi="0" ci="3" mb="0" cb="0"/><line nr="35" mi="0" ci="6" mb="0" cb="0"/><line nr="36" mi="0" ci="7" mb="0" cb="0"/><line nr="37" mi="0" ci="4" mb="0" cb="0"/><line nr="38" mi="0" ci="1" mb="0" cb="0"/><line nr="43" mi="0" ci="3" mb="0" cb="0"/><line nr="44" mi="0" ci="4" mb="0" cb="0"/><line nr="45" mi="0" ci="1" mb="0" cb="0"/><line nr="47" mi="0" ci="6" mb="0" cb="2"/><line nr="48" mi="0" ci="8" mb="0" cb="2"/><line nr="49" mi="0" ci="1" mb="0" cb="0"/><line nr="51" mi="0" ci="11" mb="0" cb="2"/><line nr="52" mi="0" ci="1" mb="0" cb="0"/><line nr="54" mi="0" ci="7" mb="0" cb="0"/><line nr="56" mi="0" ci="2" mb="0" cb="0"/><line nr="58" mi="0" ci="1" mb="0" cb="0"/><line nr="60" mi="0" ci="2" mb="0" cb="0"/><line nr="62" mi="0" ci="1" mb="0" cb="0"/><line nr="66" mi="0" ci="1" mb="0" cb="0"/><line nr="70" mi="0" ci="12" mb="0" cb="0"/><line nr="71" mi="0" ci="5" mb="0" cb="0"/><line nr="72" mi="0" ci="1" mb="0" cb="0"/><line nr="76" mi="0" ci="10" mb="0" cb="0"/><line nr="77" mi="0" ci="15" mb="0" cb="0"/><line nr="78" mi="0" ci="1" mb="0" cb="0"/><line nr="82" mi="0" ci="4" mb="0" cb="0"/><line nr="83" mi="0" ci="2" mb="0" cb="0"/><line nr="85" mi="0" ci="10" mb="1" cb="1"/><line nr="86" mi="0" ci="12" mb="1" cb="1"/><line nr="87" mi="0" ci="7" mb="0" cb="0"/><line nr="88" mi="0" ci="4" mb="0" cb="2"/><line nr="89" mi="0" ci="1" mb="0" cb="0"/><line nr="90" mi="0" ci="15" mb="0" cb="2"/><line nr="91" mi="0" ci="4" mb="0" cb="2"/><line nr="92" mi="0" ci="4" mb="1" cb="1"/><line nr="93" mi="2" ci="0" mb="0" cb="0"/><line nr="94" mi="4" ci="0" mb="0" cb="0"/><line nr="98" mi="0" ci="3" mb="0" cb="0"/><line nr="99" mi="0" ci="1" mb="0" cb="0"/><line nr="101" mi="1" ci="0" mb="0" cb="0"/><line nr="102" mi="0" ci="2" mb="0" cb="0"/><line nr="106" mi="0" ci="14" mb="0" cb="0"/><line nr="107" mi="0" ci="5" mb="0" cb="0"/><line nr="108" mi="0" ci="17" mb="0" cb="0"/><line nr="109" mi="0" ci="1" mb="0" cb="0"/><line nr="113" mi="0" ci="5" mb="0" cb="0"/><line nr="114" mi="0" ci="5" mb="0" cb="0"/><line nr="115" mi="0" ci="6" mb="0" cb="0"/><line nr="116" mi="0" ci="16" mb="0" cb="0"/><line nr="117" mi="0" ci="1" mb="0" cb="0"/><line nr="118" mi="0" ci="1" mb="0" cb="0"/><line nr="122" mi="0" ci="20" mb="0" cb="0"/><counter type="INSTRUCTION" missed="7" covered="311"/><counter type="BRANCH" missed="3" covered="15"/><counter type="LINE" missed="3" covered="55"/><counter type="COMPLEXITY" missed="3" covered="29"/><counter type="METHOD" missed="0" covered="23"/><counter type="CLASS" missed="0" covered="7"/></sourcefile><counter type="INSTRUCTION" missed="65" covered="1372"/><counter type="BRANCH" missed="10" covered="60"/><counter type="LINE" missed="13" covered="254"/><counter type="COMPLEXITY" missed="15" covered="125"/><counter type="METHOD" missed="5" covered="100"/><counter type="CLASS" missed="1" covered="13"/></package><counter type="INSTRUCTION" missed="1298" covered="10577"/><counter type="BRANCH" missed="138" covered="528"/><counter type="LINE" missed="222" covered="2075"/><counter type="COMPLEXITY" missed="220" covered="1021"/><counter type="METHOD" missed="97" covered="804"/><counter type="CLASS" missed="10" covered="177"/></report>